2025.05.19 17:31:51 INFO  Started: Metals version 1.5.3 in folders 'C:\Users\toorr\v1' for client Visual Studio Code 1.100.2.
мая 19, 2025 5:31:51 PM org.eclipse.lsp4j.jsonrpc.services.GenericEndpoint notify
INFO: Unsupported notification method: $/setTrace
мая 19, 2025 5:31:51 PM org.eclipse.lsp4j.jsonrpc.services.GenericEndpoint notify
INFO: Unsupported notification method: $/setTrace
мая 19, 2025 5:31:51 PM org.eclipse.lsp4j.jsonrpc.services.GenericEndpoint notify
INFO: Unsupported notification method: $/setTrace
2025.05.19 17:31:52 INFO  no build target found for C:\Users\toorr\v1\src\main\scala\Main.scala. Using presentation compiler with project's scala-library version: 3.3.6
2025.05.19 17:31:53 INFO  no build target found for C:\Users\toorr\v1\src\main\scala\Main.scala. Using presentation compiler with project's scala-library version: 3.3.6
2025.05.19 17:31:56 INFO  no build target found for C:\Users\toorr\v1\src\main\scala\Main.scala. Using presentation compiler with project's scala-library version: 3.3.6
2025.05.19 17:31:56 INFO  no build target found for C:\Users\toorr\v1\build.sbt. Using presentation compiler with project's scala-library version: 3.3.6
2025.05.19 17:31:56 WARN  Could not find semantic tokens for: file:///C:/Users/toorr/v1/build.sbt
2025.05.19 17:31:58 INFO  no build target found for C:\Users\toorr\v1\build.sbt. Using presentation compiler with project's scala-library version: 3.3.6
2025.05.19 17:31:58 WARN  no build target for: C:\Users\toorr\v1\build.sbt
2025.05.19 17:31:58 INFO  no build target found for C:\Users\toorr\v1\build.sbt. Using presentation compiler with project's scala-library version: 3.3.6
2025.05.19 17:31:58 INFO  no build target found for C:\Users\toorr\v1\build.sbt. Using presentation compiler with project's scala-library version: 3.3.6
2025.05.19 17:31:58 WARN  Could not find semantic tokens for: file:///C:/Users/toorr/v1/build.sbt
2025.05.19 17:31:58 INFO  no build target found for C:\Users\toorr\v1\build.sbt. Using presentation compiler with project's scala-library version: 3.3.6
2025.05.19 17:31:58 INFO  no build target found for C:\Users\toorr\v1\build.sbt. Using presentation compiler with project's scala-library version: 3.3.6
мая 19, 2025 5:31:59 PM scala.meta.internal.metals.StdReporter $anonfun$create$1
WARNING: empty definition using pc, found symbol in pc:  (full report at: C:\Users\toorr\v1\.metals\.reports\metals-full\2025-05-19\r_empty-definition_17-31-59-116.md)
2025.05.19 17:31:59 INFO  no build target found for C:\Users\toorr\v1\src\main\scala\Main.scala. Using presentation compiler with project's scala-library version: 3.3.6
2025.05.19 17:31:59 INFO  no build target found for C:\Users\toorr\v1\src\main\scala\Main.scala. Using presentation compiler with project's scala-library version: 3.3.6
2025.05.19 17:32:00 INFO  no build target found for C:\Users\toorr\v1\src\main\scala\Main.scala. Using presentation compiler with project's scala-library version: 3.3.6
2025.05.19 17:32:02 WARN  no build target for: C:\Users\toorr\v1\src\main\scala\Main.scala
2025.05.19 17:32:02 INFO  no build target found for C:\Users\toorr\v1\src\main\scala\Main.scala. Using presentation compiler with project's scala-library version: 3.3.6
2025.05.19 17:32:02 INFO  no build target found for C:\Users\toorr\v1\src\main\scala\Main.scala. Using presentation compiler with project's scala-library version: 3.3.6
2025.05.19 17:32:04 WARN  no build target for: C:\Users\toorr\v1\build.sbt
2025.05.19 17:32:04 INFO  no build target found for C:\Users\toorr\v1\build.sbt. Using presentation compiler with project's scala-library version: 3.3.6
2025.05.19 17:32:04 WARN  Could not find semantic tokens for: file:///C:/Users/toorr/v1/build.sbt
2025.05.19 17:32:05 WARN  no build target for: C:\Users\toorr\v1\src\main\scala\Main.scala
2025.05.19 17:32:05 INFO  no build target found for C:\Users\toorr\v1\src\main\scala\Main.scala. Using presentation compiler with project's scala-library version: 3.3.6
2025.05.19 17:32:05 INFO  no build target found for C:\Users\toorr\v1\src\main\scala\Main.scala. Using presentation compiler with project's scala-library version: 3.3.6
2025.05.19 17:32:05 INFO  no build target found for C:\Users\toorr\v1\src\main\scala\Main.scala. Using presentation compiler with project's scala-library version: 3.3.6
2025.05.19 17:32:07 WARN  no build target for: C:\Users\toorr\v1\src\main\scala\Main.scala
2025.05.19 17:32:07 INFO  no build target found for C:\Users\toorr\v1\src\main\scala\Main.scala. Using presentation compiler with project's scala-library version: 3.3.6
2025.05.19 17:33:08 WARN  no build target for: C:\Users\toorr\v1\build.sbt
2025.05.19 17:33:08 INFO  no build target found for C:\Users\toorr\v1\build.sbt. Using presentation compiler with project's scala-library version: 3.3.6
2025.05.19 17:33:08 WARN  Could not find semantic tokens for: file:///C:/Users/toorr/v1/build.sbt
2025.05.19 17:33:09 WARN  no build target for: C:\Users\toorr\v1\build.sbt
2025.05.19 17:33:09 INFO  no build target found for C:\Users\toorr\v1\build.sbt. Using presentation compiler with project's scala-library version: 3.3.6
2025.05.19 17:33:09 WARN  Could not find semantic tokens for: file:///C:/Users/toorr/v1/build.sbt
2025.05.19 17:33:10 INFO  no build target found for C:\Users\toorr\v1\build.sbt. Using presentation compiler with project's scala-library version: 3.3.6
2025.05.19 17:33:11 WARN  no build target for: C:\Users\toorr\v1\build.sbt
2025.05.19 17:33:11 INFO  no build target found for C:\Users\toorr\v1\build.sbt. Using presentation compiler with project's scala-library version: 3.3.6
2025.05.19 17:33:11 WARN  Could not find semantic tokens for: file:///C:/Users/toorr/v1/build.sbt
2025.05.19 17:33:12 WARN  no build target for: C:\Users\toorr\v1\src\main\scala\Main.scala
2025.05.19 17:33:12 INFO  no build target found for C:\Users\toorr\v1\src\main\scala\Main.scala. Using presentation compiler with project's scala-library version: 3.3.6
2025.05.19 17:33:12 INFO  no build target found for C:\Users\toorr\v1\src\main\scala\Main.scala. Using presentation compiler with project's scala-library version: 3.3.6
2025.05.19 17:33:12 INFO  no build target found for C:\Users\toorr\v1\src\main\scala\Main.scala. Using presentation compiler with project's scala-library version: 3.3.6
2025.05.19 17:33:14 WARN  no build target for: C:\Users\toorr\v1\src\main\scala\Main.scala
2025.05.19 17:33:14 INFO  no build target found for C:\Users\toorr\v1\src\main\scala\Main.scala. Using presentation compiler with project's scala-library version: 3.3.6
2025.05.19 17:33:19 ERROR scala.meta.internal.metals.debug.DiscoveryFailures$BuildTargetNotFoundForPathException: No build target could be found for the path: C:\Users\toorr\v1\src\main\scala\Main.scala
	at scala.meta.internal.metals.debug.DebugDiscovery.validate(DebugDiscovery.scala:94)
	at scala.meta.internal.metals.debug.DebugDiscovery.debugDiscovery(DebugDiscovery.scala:170)
	at scala.meta.internal.metals.debug.DebugDiscovery.runCommandDiscovery(DebugDiscovery.scala:61)
	at scala.meta.internal.metals.MetalsLspService.discoverMainClasses(MetalsLspService.scala:1478)
	at scala.meta.internal.metals.WorkspaceLspService.executeCommand(WorkspaceLspService.scala:904)
	at scala.meta.metals.lsp.DelegatingScalaService.executeCommand(DelegatingScalaService.scala:169)
	at jdk.internal.reflect.NativeMethodAccessorImpl.invoke0(Native Method)
	at jdk.internal.reflect.NativeMethodAccessorImpl.invoke(NativeMethodAccessorImpl.java:77)
	at jdk.internal.reflect.DelegatingMethodAccessorImpl.invoke(DelegatingMethodAccessorImpl.java:43)
	at java.lang.reflect.Method.invoke(Method.java:569)
	at org.eclipse.lsp4j.jsonrpc.services.GenericEndpoint.lambda$recursiveFindRpcMethods$0(GenericEndpoint.java:65)
	at org.eclipse.lsp4j.jsonrpc.services.GenericEndpoint.request(GenericEndpoint.java:128)
	at org.eclipse.lsp4j.jsonrpc.RemoteEndpoint.handleRequest(RemoteEndpoint.java:271)
	at org.eclipse.lsp4j.jsonrpc.RemoteEndpoint.consume(RemoteEndpoint.java:201)
	at org.eclipse.lsp4j.jsonrpc.json.StreamMessageProducer.handleMessage(StreamMessageProducer.java:185)
	at org.eclipse.lsp4j.jsonrpc.json.StreamMessageProducer.listen(StreamMessageProducer.java:97)
	at org.eclipse.lsp4j.jsonrpc.json.ConcurrentMessageProcessor.run(ConcurrentMessageProcessor.java:114)
	at java.util.concurrent.Executors$RunnableAdapter.call(Executors.java:539)
	at java.util.concurrent.FutureTask.run(FutureTask.java:264)
	at java.util.concurrent.ThreadPoolExecutor.runWorker(ThreadPoolExecutor.java:1136)
	at java.util.concurrent.ThreadPoolExecutor$Worker.run(ThreadPoolExecutor.java:635)
	at java.lang.Thread.run(Thread.java:840)

2025.05.19 17:33:19 WARN  no build target for: C:\Users\toorr\v1\src\main\scala\Main.scala
2025.05.19 17:33:19 ERROR scala.meta.internal.metals.debug.DiscoveryFailures$BuildTargetNotFoundForPathException: No build target could be found for the path: C:\Users\toorr\v1\src\main\scala\Main.scala
	at scala.meta.internal.metals.debug.DebugDiscovery.validate(DebugDiscovery.scala:94)
	at scala.meta.internal.metals.debug.DebugDiscovery.debugDiscovery(DebugDiscovery.scala:170)
	at scala.meta.internal.metals.MetalsLspService.debugDiscovery(MetalsLspService.scala:1445)
	at scala.meta.internal.metals.WorkspaceLspService.executeCommand(WorkspaceLspService.scala:1100)
	at scala.meta.metals.lsp.DelegatingScalaService.executeCommand(DelegatingScalaService.scala:169)
	at jdk.internal.reflect.NativeMethodAccessorImpl.invoke0(Native Method)
	at jdk.internal.reflect.NativeMethodAccessorImpl.invoke(NativeMethodAccessorImpl.java:77)
	at jdk.internal.reflect.DelegatingMethodAccessorImpl.invoke(DelegatingMethodAccessorImpl.java:43)
	at java.lang.reflect.Method.invoke(Method.java:569)
	at org.eclipse.lsp4j.jsonrpc.services.GenericEndpoint.lambda$recursiveFindRpcMethods$0(GenericEndpoint.java:65)
	at org.eclipse.lsp4j.jsonrpc.services.GenericEndpoint.request(GenericEndpoint.java:128)
	at org.eclipse.lsp4j.jsonrpc.RemoteEndpoint.handleRequest(RemoteEndpoint.java:271)
	at org.eclipse.lsp4j.jsonrpc.RemoteEndpoint.consume(RemoteEndpoint.java:201)
	at org.eclipse.lsp4j.jsonrpc.json.StreamMessageProducer.handleMessage(StreamMessageProducer.java:185)
	at org.eclipse.lsp4j.jsonrpc.json.StreamMessageProducer.listen(StreamMessageProducer.java:97)
	at org.eclipse.lsp4j.jsonrpc.json.ConcurrentMessageProcessor.run(ConcurrentMessageProcessor.java:114)
	at java.util.concurrent.Executors$RunnableAdapter.call(Executors.java:539)
	at java.util.concurrent.FutureTask.run(FutureTask.java:264)
	at java.util.concurrent.ThreadPoolExecutor.runWorker(ThreadPoolExecutor.java:1136)
	at java.util.concurrent.ThreadPoolExecutor$Worker.run(ThreadPoolExecutor.java:635)
	at java.lang.Thread.run(Thread.java:840)

2025.05.19 17:33:19 INFO  no build target found for C:\Users\toorr\v1\src\main\scala\Main.scala. Using presentation compiler with project's scala-library version: 3.3.6
2025.05.19 17:33:48 INFO  no build target found for C:\Users\toorr\v1\src\main\scala\Main.scala. Using presentation compiler with project's scala-library version: 3.3.6
2025.05.19 17:37:32 INFO  
2025.05.19 17:37:32 INFO  Template applied in C:\Users\toorr\.vscode\.\gg
2025.05.19 17:37:32 INFO  
2025.05.19 17:37:32 INFO  time: ran 'giter8.Giter8' in 2.8s
2025.05.19 17:37:40 INFO  Shutting down server
2025.05.19 17:37:40 INFO  shutting down Metals
2025.05.19 17:37:40 ERROR Unexpected error initializing server: 
org.eclipse.lsp4j.jsonrpc.ResponseErrorException: Request window/showMessageRequest failed with message: Canceled
	at org.eclipse.lsp4j.jsonrpc.RemoteEndpoint.handleResponse(RemoteEndpoint.java:220)
	at org.eclipse.lsp4j.jsonrpc.RemoteEndpoint.consume(RemoteEndpoint.java:204)
	at org.eclipse.lsp4j.jsonrpc.json.StreamMessageProducer.handleMessage(StreamMessageProducer.java:185)
	at org.eclipse.lsp4j.jsonrpc.json.StreamMessageProducer.listen(StreamMessageProducer.java:97)
	at org.eclipse.lsp4j.jsonrpc.json.ConcurrentMessageProcessor.run(ConcurrentMessageProcessor.java:114)
	at java.util.concurrent.Executors$RunnableAdapter.call(Executors.java:539)
	at java.util.concurrent.FutureTask.run(FutureTask.java:264)
	at java.util.concurrent.ThreadPoolExecutor.runWorker(ThreadPoolExecutor.java:1136)
	at java.util.concurrent.ThreadPoolExecutor$Worker.run(ThreadPoolExecutor.java:635)
	at java.lang.Thread.run(Thread.java:840)

2025.05.19 17:37:40 INFO  Exiting server
2025.05.19 17:38:00 INFO  Started: Metals version 1.5.3 in folders 'C:\Users\toorr\v1' for client Visual Studio Code 1.100.2.
2025.05.19 17:38:01 INFO  no build target found for C:\Users\toorr\v1\src\main\scala\Main.scala. Using presentation compiler with project's scala-library version: 3.3.6
2025.05.19 17:38:02 INFO  no build target found for C:\Users\toorr\v1\src\main\scala\Main.scala. Using presentation compiler with project's scala-library version: 3.3.6
2025.05.19 17:38:08 INFO  no build target found for C:\Users\toorr\v1\src\main\scala\Main.scala. Using presentation compiler with project's scala-library version: 3.3.6
2025.05.19 17:38:08 INFO  no build target found for C:\Users\toorr\v1\src\main\scala\Main.scala. Using presentation compiler with project's scala-library version: 3.3.6
2025.05.19 17:38:08 INFO  no build target found for C:\Users\toorr\v1\src\main\scala\Main.scala. Using presentation compiler with project's scala-library version: 3.3.6
2025.05.19 17:38:09 INFO  no build target found for C:\Users\toorr\v1\src\main\scala\Main.scala. Using presentation compiler with project's scala-library version: 3.3.6
2025.05.19 17:38:09 INFO  no build target found for C:\Users\toorr\v1\src\main\scala\Main.scala. Using presentation compiler with project's scala-library version: 3.3.6
2025.05.19 17:38:11 INFO  no build target found for C:\Users\toorr\v1\src\main\scala\Main.scala. Using presentation compiler with project's scala-library version: 3.3.6
2025.05.19 17:38:12 INFO  no build target found for C:\Users\toorr\v1\src\main\scala\Main.scala. Using presentation compiler with project's scala-library version: 3.3.6
2025.05.19 17:38:12 WARN  no build target for: C:\Users\toorr\v1\src\main\scala\Main.scala
2025.05.19 17:38:12 INFO  no build target found for C:\Users\toorr\v1\src\main\scala\Main.scala. Using presentation compiler with project's scala-library version: 3.3.6
2025.05.19 17:38:14 INFO  no build target found for C:\Users\toorr\v1\build.sbt. Using presentation compiler with project's scala-library version: 3.3.6
2025.05.19 17:38:14 WARN  Could not find semantic tokens for: file:///C:/Users/toorr/v1/build.sbt
2025.05.19 17:38:15 INFO  no build target found for C:\Users\toorr\v1\build.sbt. Using presentation compiler with project's scala-library version: 3.3.6
2025.05.19 17:38:17 WARN  no build target for: C:\Users\toorr\v1\build.sbt
2025.05.19 17:38:17 INFO  no build target found for C:\Users\toorr\v1\build.sbt. Using presentation compiler with project's scala-library version: 3.3.6
2025.05.19 17:38:17 INFO  no build target found for C:\Users\toorr\v1\build.sbt. Using presentation compiler with project's scala-library version: 3.3.6
2025.05.19 17:38:17 WARN  Could not find semantic tokens for: file:///C:/Users/toorr/v1/build.sbt
2025.05.19 17:38:17 INFO  no build target found for C:\Users\toorr\v1\build.sbt. Using presentation compiler with project's scala-library version: 3.3.6
2025.05.19 17:38:17 INFO  no build target found for C:\Users\toorr\v1\build.sbt. Using presentation compiler with project's scala-library version: 3.3.6
2025.05.19 17:38:17 INFO  no build target found for C:\Users\toorr\v1\build.sbt. Using presentation compiler with project's scala-library version: 3.3.6
2025.05.19 17:38:19 INFO  no build target found for C:\Users\toorr\v1\build.sbt. Using presentation compiler with project's scala-library version: 3.3.6
2025.05.19 17:38:19 INFO  no build target found for C:\Users\toorr\v1\build.sbt. Using presentation compiler with project's scala-library version: 3.3.6
2025.05.19 17:38:19 INFO  no build target found for C:\Users\toorr\v1\build.sbt. Using presentation compiler with project's scala-library version: 3.3.6
2025.05.19 17:38:19 WARN  Could not find semantic tokens for: file:///C:/Users/toorr/v1/build.sbt
2025.05.19 17:38:19 INFO  no build target found for C:\Users\toorr\v1\build.sbt. Using presentation compiler with project's scala-library version: 3.3.6
2025.05.19 17:38:21 INFO  no build target found for C:\Users\toorr\v1\build.sbt. Using presentation compiler with project's scala-library version: 3.3.6
2025.05.19 17:38:21 INFO  no build target found for C:\Users\toorr\v1\build.sbt. Using presentation compiler with project's scala-library version: 3.3.6
2025.05.19 17:38:21 INFO  no build target found for C:\Users\toorr\v1\build.sbt. Using presentation compiler with project's scala-library version: 3.3.6
2025.05.19 17:38:22 INFO  no build target found for C:\Users\toorr\v1\build.sbt. Using presentation compiler with project's scala-library version: 3.3.6
2025.05.19 17:38:22 INFO  no build target found for C:\Users\toorr\v1\build.sbt. Using presentation compiler with project's scala-library version: 3.3.6
2025.05.19 17:38:23 WARN  no build target for: C:\Users\toorr\v1\build.sbt
2025.05.19 17:38:23 INFO  no build target found for C:\Users\toorr\v1\build.sbt. Using presentation compiler with project's scala-library version: 3.3.6
2025.05.19 17:38:23 WARN  Could not find semantic tokens for: file:///C:/Users/toorr/v1/build.sbt
мая 19, 2025 5:38:23 PM scala.meta.internal.metals.StdReporter $anonfun$create$1
WARNING: empty definition using pc, found symbol in pc:  (full report at: C:\Users\toorr\v1\.metals\.reports\metals-full\2025-05-19\r_empty-definition_17-31-59-116.md)
2025.05.19 17:38:36 ERROR scala.meta.internal.metals.debug.DiscoveryFailures$BuildTargetNotFoundForPathException: No build target could be found for the path: C:\Users\toorr\v1\build.sbt
	at scala.meta.internal.metals.debug.DebugDiscovery.validate(DebugDiscovery.scala:94)
	at scala.meta.internal.metals.debug.DebugDiscovery.debugDiscovery(DebugDiscovery.scala:170)
	at scala.meta.internal.metals.debug.DebugDiscovery.runCommandDiscovery(DebugDiscovery.scala:61)
	at scala.meta.internal.metals.MetalsLspService.discoverMainClasses(MetalsLspService.scala:1478)
	at scala.meta.internal.metals.WorkspaceLspService.executeCommand(WorkspaceLspService.scala:904)
	at scala.meta.metals.lsp.DelegatingScalaService.executeCommand(DelegatingScalaService.scala:169)
	at jdk.internal.reflect.NativeMethodAccessorImpl.invoke0(Native Method)
	at jdk.internal.reflect.NativeMethodAccessorImpl.invoke(NativeMethodAccessorImpl.java:77)
	at jdk.internal.reflect.DelegatingMethodAccessorImpl.invoke(DelegatingMethodAccessorImpl.java:43)
	at java.lang.reflect.Method.invoke(Method.java:569)
	at org.eclipse.lsp4j.jsonrpc.services.GenericEndpoint.lambda$recursiveFindRpcMethods$0(GenericEndpoint.java:65)
	at org.eclipse.lsp4j.jsonrpc.services.GenericEndpoint.request(GenericEndpoint.java:128)
	at org.eclipse.lsp4j.jsonrpc.RemoteEndpoint.handleRequest(RemoteEndpoint.java:271)
	at org.eclipse.lsp4j.jsonrpc.RemoteEndpoint.consume(RemoteEndpoint.java:201)
	at org.eclipse.lsp4j.jsonrpc.json.StreamMessageProducer.handleMessage(StreamMessageProducer.java:185)
	at org.eclipse.lsp4j.jsonrpc.json.StreamMessageProducer.listen(StreamMessageProducer.java:97)
	at org.eclipse.lsp4j.jsonrpc.json.ConcurrentMessageProcessor.run(ConcurrentMessageProcessor.java:114)
	at java.util.concurrent.Executors$RunnableAdapter.call(Executors.java:539)
	at java.util.concurrent.FutureTask.run(FutureTask.java:264)
	at java.util.concurrent.ThreadPoolExecutor.runWorker(ThreadPoolExecutor.java:1136)
	at java.util.concurrent.ThreadPoolExecutor$Worker.run(ThreadPoolExecutor.java:635)
	at java.lang.Thread.run(Thread.java:840)

2025.05.19 17:38:36 WARN  no build target for: C:\Users\toorr\v1\build.sbt
2025.05.19 17:38:36 ERROR scala.meta.internal.metals.debug.DiscoveryFailures$BuildTargetNotFoundForPathException: No build target could be found for the path: C:\Users\toorr\v1\build.sbt
	at scala.meta.internal.metals.debug.DebugDiscovery.validate(DebugDiscovery.scala:94)
	at scala.meta.internal.metals.debug.DebugDiscovery.debugDiscovery(DebugDiscovery.scala:170)
	at scala.meta.internal.metals.MetalsLspService.debugDiscovery(MetalsLspService.scala:1445)
	at scala.meta.internal.metals.WorkspaceLspService.executeCommand(WorkspaceLspService.scala:1100)
	at scala.meta.metals.lsp.DelegatingScalaService.executeCommand(DelegatingScalaService.scala:169)
	at jdk.internal.reflect.NativeMethodAccessorImpl.invoke0(Native Method)
	at jdk.internal.reflect.NativeMethodAccessorImpl.invoke(NativeMethodAccessorImpl.java:77)
	at jdk.internal.reflect.DelegatingMethodAccessorImpl.invoke(DelegatingMethodAccessorImpl.java:43)
	at java.lang.reflect.Method.invoke(Method.java:569)
	at org.eclipse.lsp4j.jsonrpc.services.GenericEndpoint.lambda$recursiveFindRpcMethods$0(GenericEndpoint.java:65)
	at org.eclipse.lsp4j.jsonrpc.services.GenericEndpoint.request(GenericEndpoint.java:128)
	at org.eclipse.lsp4j.jsonrpc.RemoteEndpoint.handleRequest(RemoteEndpoint.java:271)
	at org.eclipse.lsp4j.jsonrpc.RemoteEndpoint.consume(RemoteEndpoint.java:201)
	at org.eclipse.lsp4j.jsonrpc.json.StreamMessageProducer.handleMessage(StreamMessageProducer.java:185)
	at org.eclipse.lsp4j.jsonrpc.json.StreamMessageProducer.listen(StreamMessageProducer.java:97)
	at org.eclipse.lsp4j.jsonrpc.json.ConcurrentMessageProcessor.run(ConcurrentMessageProcessor.java:114)
	at java.util.concurrent.Executors$RunnableAdapter.call(Executors.java:539)
	at java.util.concurrent.FutureTask.run(FutureTask.java:264)
	at java.util.concurrent.ThreadPoolExecutor.runWorker(ThreadPoolExecutor.java:1136)
	at java.util.concurrent.ThreadPoolExecutor$Worker.run(ThreadPoolExecutor.java:635)
	at java.lang.Thread.run(Thread.java:840)

2025.05.19 17:38:36 INFO  no build target found for C:\Users\toorr\v1\build.sbt. Using presentation compiler with project's scala-library version: 3.3.6
2025.05.19 17:38:36 WARN  Could not find semantic tokens for: file:///C:/Users/toorr/v1/build.sbt
2025.05.19 17:40:03 INFO  Shutting down server
2025.05.19 17:40:03 INFO  shutting down Metals
2025.05.19 17:40:03 INFO  Exiting server
2025.05.19 17:40:03 ERROR Unexpected error initializing server: 
org.eclipse.lsp4j.jsonrpc.ResponseErrorException: Request window/showMessageRequest failed with message: Canceled
	at org.eclipse.lsp4j.jsonrpc.RemoteEndpoint.handleResponse(RemoteEndpoint.java:220)
	at org.eclipse.lsp4j.jsonrpc.RemoteEndpoint.consume(RemoteEndpoint.java:204)
	at org.eclipse.lsp4j.jsonrpc.json.StreamMessageProducer.handleMessage(StreamMessageProducer.java:185)
	at org.eclipse.lsp4j.jsonrpc.json.StreamMessageProducer.listen(StreamMessageProducer.java:97)
	at org.eclipse.lsp4j.jsonrpc.json.ConcurrentMessageProcessor.run(ConcurrentMessageProcessor.java:114)
	at java.util.concurrent.Executors$RunnableAdapter.call(Executors.java:539)
	at java.util.concurrent.FutureTask.run(FutureTask.java:264)
	at java.util.concurrent.ThreadPoolExecutor.runWorker(ThreadPoolExecutor.java:1136)
	at java.util.concurrent.ThreadPoolExecutor$Worker.run(ThreadPoolExecutor.java:635)
	at java.lang.Thread.run(Thread.java:840)

2025.05.19 17:40:27 INFO  Started: Metals version 1.5.3 in folders 'C:\Users\toorr\v1' for client Visual Studio Code 1.100.2.
2025.05.19 17:40:28 INFO  no build target found for C:\Users\toorr\v1\build.sbt. Using presentation compiler with project's scala-library version: 3.3.6
2025.05.19 17:40:29 INFO  no build target found for C:\Users\toorr\v1\build.sbt. Using presentation compiler with project's scala-library version: 3.3.6
2025.05.19 17:40:30 WARN  Could not find semantic tokens for: file:///C:/Users/toorr/v1/build.sbt
2025.05.19 17:41:39 INFO  Shutting down server
2025.05.19 17:41:39 INFO  shutting down Metals
2025.05.19 17:41:39 INFO  Exiting server
2025.05.19 17:41:45 INFO  Started: Metals version 1.5.3 in folders 'C:\Users\toorr\v1' for client Visual Studio Code 1.100.2.
2025.05.19 17:42:30 INFO  no build target found for C:\Users\toorr\v1\src\main\scala\Main.scala. Using presentation compiler with project's scala-library version: 3.3.6
2025.05.19 17:42:31 INFO  no build target found for C:\Users\toorr\v1\src\main\scala\Main.scala. Using presentation compiler with project's scala-library version: 3.3.6
мая 19, 2025 5:42:31 PM org.eclipse.lsp4j.jsonrpc.RemoteEndpoint handleCancellation
WARNING: Unmatched cancel notification for request id 2
2025.05.19 17:42:30 INFO  no build target found for C:\Users\toorr\v1\src\main\scala\Main.scala. Using presentation compiler with project's scala-library version: 3.3.6
2025.05.19 17:42:37 INFO  no build target found for C:\Users\toorr\v1\src\main\scala\Main.scala. Using presentation compiler with project's scala-library version: 3.3.6
2025.05.19 17:42:37 WARN  no build target for: C:\Users\toorr\v1\src\main\scala\Main.scala
2025.05.19 17:42:37 INFO  no build target found for C:\Users\toorr\v1\src\main\scala\Main.scala. Using presentation compiler with project's scala-library version: 3.3.6
2025.05.19 17:42:42 INFO  no build target found for C:\Users\toorr\v1\build.sbt. Using presentation compiler with project's scala-library version: 3.3.6
2025.05.19 17:42:42 WARN  Could not find semantic tokens for: file:///C:/Users/toorr/v1/build.sbt
2025.05.19 17:42:43 INFO  no build target found for C:\Users\toorr\v1\build.sbt. Using presentation compiler with project's scala-library version: 3.3.6
2025.05.19 17:42:43 INFO  no build target found for C:\Users\toorr\v1\build.sbt. Using presentation compiler with project's scala-library version: 3.3.6
2025.05.19 17:42:43 INFO  no build target found for C:\Users\toorr\v1\build.sbt. Using presentation compiler with project's scala-library version: 3.3.6
2025.05.19 17:42:43 INFO  no build target found for C:\Users\toorr\v1\build.sbt. Using presentation compiler with project's scala-library version: 3.3.6
2025.05.19 17:42:43 INFO  no build target found for C:\Users\toorr\v1\build.sbt. Using presentation compiler with project's scala-library version: 3.3.6
2025.05.19 17:42:44 INFO  no build target found for C:\Users\toorr\v1\build.sbt. Using presentation compiler with project's scala-library version: 3.3.6
2025.05.19 17:42:44 WARN  no build target for: C:\Users\toorr\v1\build.sbt
2025.05.19 17:42:44 INFO  no build target found for C:\Users\toorr\v1\build.sbt. Using presentation compiler with project's scala-library version: 3.3.6
2025.05.19 17:42:44 WARN  Could not find semantic tokens for: file:///C:/Users/toorr/v1/build.sbt
мая 19, 2025 5:42:44 PM scala.meta.internal.metals.StdReporter $anonfun$create$1
WARNING: empty definition using pc, found symbol in pc:  (full report at: C:\Users\toorr\v1\.metals\.reports\metals-full\2025-05-19\r_empty-definition_17-31-59-116.md)
2025.05.19 17:42:46 INFO  no build target found for C:\Users\toorr\v1\build.sbt. Using presentation compiler with project's scala-library version: 3.3.6
2025.05.19 17:42:46 INFO  no build target found for C:\Users\toorr\v1\build.sbt. Using presentation compiler with project's scala-library version: 3.3.6
2025.05.19 17:42:46 INFO  no build target found for C:\Users\toorr\v1\build.sbt. Using presentation compiler with project's scala-library version: 3.3.6
2025.05.19 17:42:48 INFO  no build target found for C:\Users\toorr\v1\build.sbt. Using presentation compiler with project's scala-library version: 3.3.6
2025.05.19 17:42:48 INFO  no build target found for C:\Users\toorr\v1\build.sbt. Using presentation compiler with project's scala-library version: 3.3.6
2025.05.19 17:42:48 INFO  no build target found for C:\Users\toorr\v1\build.sbt. Using presentation compiler with project's scala-library version: 3.3.6
2025.05.19 17:42:48 INFO  no build target found for C:\Users\toorr\v1\build.sbt. Using presentation compiler with project's scala-library version: 3.3.6
2025.05.19 17:42:48 WARN  Could not find semantic tokens for: file:///C:/Users/toorr/v1/build.sbt
2025.05.19 17:42:48 INFO  no build target found for C:\Users\toorr\v1\build.sbt. Using presentation compiler with project's scala-library version: 3.3.6
2025.05.19 17:42:49 INFO  no build target found for C:\Users\toorr\v1\build.sbt. Using presentation compiler with project's scala-library version: 3.3.6
2025.05.19 17:42:49 WARN  no build target for: C:\Users\toorr\v1\build.sbt
2025.05.19 17:42:49 INFO  no build target found for C:\Users\toorr\v1\build.sbt. Using presentation compiler with project's scala-library version: 3.3.6
2025.05.19 17:42:49 WARN  Could not find semantic tokens for: file:///C:/Users/toorr/v1/build.sbt
2025.05.19 17:42:51 WARN  no build target for: C:\Users\toorr\v1\src\main\scala\Main.scala
2025.05.19 17:42:51 INFO  no build target found for C:\Users\toorr\v1\src\main\scala\Main.scala. Using presentation compiler with project's scala-library version: 3.3.6
2025.05.19 17:42:51 INFO  no build target found for C:\Users\toorr\v1\src\main\scala\Main.scala. Using presentation compiler with project's scala-library version: 3.3.6
2025.05.19 17:42:51 INFO  no build target found for C:\Users\toorr\v1\src\main\scala\Main.scala. Using presentation compiler with project's scala-library version: 3.3.6
2025.05.19 17:42:51 INFO  no build target found for C:\Users\toorr\v1\src\main\scala\Main.scala. Using presentation compiler with project's scala-library version: 3.3.6
2025.05.19 17:42:52 WARN  no build target for: C:\Users\toorr\v1\src\main\scala\Main.scala
2025.05.19 17:42:52 INFO  no build target found for C:\Users\toorr\v1\src\main\scala\Main.scala. Using presentation compiler with project's scala-library version: 3.3.6
2025.05.19 17:42:52 INFO  no build target found for C:\Users\toorr\v1\src\main\scala\Main.scala. Using presentation compiler with project's scala-library version: 3.3.6
2025.05.19 17:43:26 WARN  no build target for: C:\Users\toorr\v1\src\main\scala\Main.scala
2025.05.19 17:43:26 INFO  no build target found for C:\Users\toorr\v1\src\main\scala\Main.scala. Using presentation compiler with project's scala-library version: 3.3.6
2025.05.19 17:43:26 INFO  no build target found for C:\Users\toorr\v1\src\main\scala\Main.scala. Using presentation compiler with project's scala-library version: 3.3.6
2025.05.19 17:43:26 ERROR scala.meta.internal.metals.debug.DiscoveryFailures$BuildTargetNotFoundForPathException: No build target could be found for the path: C:\Users\toorr\v1\src\main\scala\Main.scala
	at scala.meta.internal.metals.debug.DebugDiscovery.validate(DebugDiscovery.scala:94)
	at scala.meta.internal.metals.debug.DebugDiscovery.debugDiscovery(DebugDiscovery.scala:170)
	at scala.meta.internal.metals.MetalsLspService.debugDiscovery(MetalsLspService.scala:1445)
	at scala.meta.internal.metals.WorkspaceLspService.executeCommand(WorkspaceLspService.scala:1100)
	at scala.meta.metals.lsp.DelegatingScalaService.executeCommand(DelegatingScalaService.scala:169)
	at jdk.internal.reflect.NativeMethodAccessorImpl.invoke0(Native Method)
	at jdk.internal.reflect.NativeMethodAccessorImpl.invoke(NativeMethodAccessorImpl.java:77)
	at jdk.internal.reflect.DelegatingMethodAccessorImpl.invoke(DelegatingMethodAccessorImpl.java:43)
	at java.lang.reflect.Method.invoke(Method.java:569)
	at org.eclipse.lsp4j.jsonrpc.services.GenericEndpoint.lambda$recursiveFindRpcMethods$0(GenericEndpoint.java:65)
	at org.eclipse.lsp4j.jsonrpc.services.GenericEndpoint.request(GenericEndpoint.java:128)
	at org.eclipse.lsp4j.jsonrpc.RemoteEndpoint.handleRequest(RemoteEndpoint.java:271)
	at org.eclipse.lsp4j.jsonrpc.RemoteEndpoint.consume(RemoteEndpoint.java:201)
	at org.eclipse.lsp4j.jsonrpc.json.StreamMessageProducer.handleMessage(StreamMessageProducer.java:185)
	at org.eclipse.lsp4j.jsonrpc.json.StreamMessageProducer.listen(StreamMessageProducer.java:97)
	at org.eclipse.lsp4j.jsonrpc.json.ConcurrentMessageProcessor.run(ConcurrentMessageProcessor.java:114)
	at java.util.concurrent.Executors$RunnableAdapter.call(Executors.java:539)
	at java.util.concurrent.FutureTask.run(FutureTask.java:264)
	at java.util.concurrent.ThreadPoolExecutor.runWorker(ThreadPoolExecutor.java:1136)
	at java.util.concurrent.ThreadPoolExecutor$Worker.run(ThreadPoolExecutor.java:635)
	at java.lang.Thread.run(Thread.java:840)

2025.05.19 17:43:28 INFO  no build target found for C:\Users\toorr\v1\src\main\scala\Main.scala. Using presentation compiler with project's scala-library version: 3.3.6
2025.05.19 17:44:52 WARN  no build target for: C:\Users\toorr\v1\build.sbt
2025.05.19 17:44:52 INFO  no build target found for C:\Users\toorr\v1\build.sbt. Using presentation compiler with project's scala-library version: 3.3.6
2025.05.19 17:44:52 WARN  Could not find semantic tokens for: file:///C:/Users/toorr/v1/build.sbt
2025.05.19 17:44:52 INFO  no build target found for C:\Users\toorr\v1\build.sbt. Using presentation compiler with project's scala-library version: 3.3.6
2025.05.19 17:44:53 INFO  no build target found for C:\Users\toorr\v1\build.sbt. Using presentation compiler with project's scala-library version: 3.3.6
2025.05.19 17:44:53 INFO  no build target found for C:\Users\toorr\v1\build.sbt. Using presentation compiler with project's scala-library version: 3.3.6
2025.05.19 17:44:53 INFO  no build target found for C:\Users\toorr\v1\build.sbt. Using presentation compiler with project's scala-library version: 3.3.6
2025.05.19 17:44:53 INFO  no build target found for C:\Users\toorr\v1\build.sbt. Using presentation compiler with project's scala-library version: 3.3.6
2025.05.19 17:44:55 INFO  no build target found for C:\Users\toorr\v1\build.sbt. Using presentation compiler with project's scala-library version: 3.3.6
2025.05.19 17:44:55 INFO  no build target found for C:\Users\toorr\v1\build.sbt. Using presentation compiler with project's scala-library version: 3.3.6
2025.05.19 17:44:55 INFO  no build target found for C:\Users\toorr\v1\build.sbt. Using presentation compiler with project's scala-library version: 3.3.6
2025.05.19 17:44:56 INFO  no build target found for C:\Users\toorr\v1\build.sbt. Using presentation compiler with project's scala-library version: 3.3.6
2025.05.19 17:44:56 WARN  Could not find semantic tokens for: file:///C:/Users/toorr/v1/build.sbt
2025.05.19 17:44:55 INFO  no build target found for C:\Users\toorr\v1\build.sbt. Using presentation compiler with project's scala-library version: 3.3.6
2025.05.19 17:44:55 INFO  no build target found for C:\Users\toorr\v1\build.sbt. Using presentation compiler with project's scala-library version: 3.3.6
2025.05.19 17:44:55 INFO  no build target found for C:\Users\toorr\v1\build.sbt. Using presentation compiler with project's scala-library version: 3.3.6
2025.05.19 17:44:57 INFO  no build target found for C:\Users\toorr\v1\build.sbt. Using presentation compiler with project's scala-library version: 3.3.6
2025.05.19 17:44:57 INFO  no build target found for C:\Users\toorr\v1\build.sbt. Using presentation compiler with project's scala-library version: 3.3.6
2025.05.19 17:44:57 INFO  no build target found for C:\Users\toorr\v1\build.sbt. Using presentation compiler with project's scala-library version: 3.3.6
2025.05.19 17:44:58 INFO  no build target found for C:\Users\toorr\v1\build.sbt. Using presentation compiler with project's scala-library version: 3.3.6
2025.05.19 17:44:58 INFO  no build target found for C:\Users\toorr\v1\build.sbt. Using presentation compiler with project's scala-library version: 3.3.6
2025.05.19 17:44:58 INFO  no build target found for C:\Users\toorr\v1\build.sbt. Using presentation compiler with project's scala-library version: 3.3.6
2025.05.19 17:44:58 INFO  no build target found for C:\Users\toorr\v1\build.sbt. Using presentation compiler with project's scala-library version: 3.3.6
2025.05.19 17:44:58 WARN  Could not find semantic tokens for: file:///C:/Users/toorr/v1/build.sbt
2025.05.19 17:44:58 INFO  no build target found for C:\Users\toorr\v1\build.sbt. Using presentation compiler with project's scala-library version: 3.3.6
2025.05.19 17:44:58 INFO  no build target found for C:\Users\toorr\v1\build.sbt. Using presentation compiler with project's scala-library version: 3.3.6
2025.05.19 17:44:58 INFO  no build target found for C:\Users\toorr\v1\build.sbt. Using presentation compiler with project's scala-library version: 3.3.6
2025.05.19 17:44:59 INFO  no build target found for C:\Users\toorr\v1\build.sbt. Using presentation compiler with project's scala-library version: 3.3.6
2025.05.19 17:44:59 INFO  no build target found for C:\Users\toorr\v1\build.sbt. Using presentation compiler with project's scala-library version: 3.3.6
2025.05.19 17:45:00 INFO  no build target found for C:\Users\toorr\v1\build.sbt. Using presentation compiler with project's scala-library version: 3.3.6
2025.05.19 17:45:00 INFO  no build target found for C:\Users\toorr\v1\build.sbt. Using presentation compiler with project's scala-library version: 3.3.6
2025.05.19 17:45:00 INFO  no build target found for C:\Users\toorr\v1\build.sbt. Using presentation compiler with project's scala-library version: 3.3.6
2025.05.19 17:45:00 WARN  Could not find semantic tokens for: file:///C:/Users/toorr/v1/build.sbt
2025.05.19 17:45:00 INFO  no build target found for C:\Users\toorr\v1\build.sbt. Using presentation compiler with project's scala-library version: 3.3.6
2025.05.19 17:45:00 INFO  no build target found for C:\Users\toorr\v1\build.sbt. Using presentation compiler with project's scala-library version: 3.3.6
2025.05.19 17:45:01 INFO  no build target found for C:\Users\toorr\v1\build.sbt. Using presentation compiler with project's scala-library version: 3.3.6
2025.05.19 17:45:01 WARN  Could not find semantic tokens for: file:///C:/Users/toorr/v1/build.sbt
2025.05.19 17:45:11 WARN  no build target for: C:\Users\toorr\v1\build.sbt
2025.05.19 17:45:11 INFO  no build target found for C:\Users\toorr\v1\build.sbt. Using presentation compiler with project's scala-library version: 3.3.6
2025.05.19 17:45:11 INFO  no build target found for C:\Users\toorr\v1\build.sbt. Using presentation compiler with project's scala-library version: 3.3.6
2025.05.19 17:45:11 WARN  Could not find semantic tokens for: file:///C:/Users/toorr/v1/build.sbt
2025.05.19 17:45:13 WARN  no build target for: C:\Users\toorr\v1\src\main\scala\Main.scala
2025.05.19 17:45:13 INFO  no build target found for C:\Users\toorr\v1\src\main\scala\Main.scala. Using presentation compiler with project's scala-library version: 3.3.6
2025.05.19 17:45:13 INFO  no build target found for C:\Users\toorr\v1\src\main\scala\Main.scala. Using presentation compiler with project's scala-library version: 3.3.6
2025.05.19 17:45:13 INFO  no build target found for C:\Users\toorr\v1\src\main\scala\Main.scala. Using presentation compiler with project's scala-library version: 3.3.6
2025.05.19 17:45:14 WARN  no build target for: C:\Users\toorr\v1\src\main\scala\Main.scala
2025.05.19 17:45:14 INFO  no build target found for C:\Users\toorr\v1\src\main\scala\Main.scala. Using presentation compiler with project's scala-library version: 3.3.6
2025.05.19 17:45:14 INFO  no build target found for C:\Users\toorr\v1\src\main\scala\Main.scala. Using presentation compiler with project's scala-library version: 3.3.6
2025.05.19 17:45:27 INFO  Shutting down server
2025.05.19 17:45:27 INFO  shutting down Metals
2025.05.19 17:45:27 INFO  Exiting server
2025.05.19 17:45:27 ERROR Unexpected error initializing server: 
org.eclipse.lsp4j.jsonrpc.ResponseErrorException: Request window/showMessageRequest failed with message: Canceled
	at org.eclipse.lsp4j.jsonrpc.RemoteEndpoint.handleResponse(RemoteEndpoint.java:220)
	at org.eclipse.lsp4j.jsonrpc.RemoteEndpoint.consume(RemoteEndpoint.java:204)
	at org.eclipse.lsp4j.jsonrpc.json.StreamMessageProducer.handleMessage(StreamMessageProducer.java:185)
	at org.eclipse.lsp4j.jsonrpc.json.StreamMessageProducer.listen(StreamMessageProducer.java:97)
	at org.eclipse.lsp4j.jsonrpc.json.ConcurrentMessageProcessor.run(ConcurrentMessageProcessor.java:114)
	at java.util.concurrent.Executors$RunnableAdapter.call(Executors.java:539)
	at java.util.concurrent.FutureTask.run(FutureTask.java:264)
	at java.util.concurrent.ThreadPoolExecutor.runWorker(ThreadPoolExecutor.java:1136)
	at java.util.concurrent.ThreadPoolExecutor$Worker.run(ThreadPoolExecutor.java:635)
	at java.lang.Thread.run(Thread.java:840)

2025.05.19 17:45:32 INFO  Started: Metals version 1.5.3 in folders 'C:\Users\toorr\v1' for client Visual Studio Code 1.100.2.
2025.05.19 17:45:33 INFO  no build target found for C:\Users\toorr\v1\src\main\scala\Main.scala. Using presentation compiler with project's scala-library version: 3.3.6
2025.05.19 17:45:34 INFO  no build target found for C:\Users\toorr\v1\src\main\scala\Main.scala. Using presentation compiler with project's scala-library version: 3.3.6
2025.05.19 17:45:45 INFO  no build target found for C:\Users\toorr\v1\build.sbt. Using presentation compiler with project's scala-library version: 3.3.6
2025.05.19 17:45:45 WARN  Could not find semantic tokens for: file:///C:/Users/toorr/v1/build.sbt
2025.05.19 17:45:47 INFO  no build target found for C:\Users\toorr\v1\build.sbt. Using presentation compiler with project's scala-library version: 3.3.6
2025.05.19 17:45:50 INFO  no build target found for C:\Users\toorr\v1\build.sbt. Using presentation compiler with project's scala-library version: 3.3.6
2025.05.19 17:45:50 INFO  no build target found for C:\Users\toorr\v1\build.sbt. Using presentation compiler with project's scala-library version: 3.3.6
мая 19, 2025 5:45:50 PM scala.meta.internal.metals.StdReporter $anonfun$create$1
WARNING: empty definition using pc, found symbol in pc:  (full report at: C:\Users\toorr\v1\.metals\.reports\metals-full\2025-05-19\r_empty-definition_17-31-59-116.md)
2025.05.19 17:46:03 INFO  no build target found for C:\Users\toorr\v1\build.sbt. Using presentation compiler with project's scala-library version: 3.3.6
2025.05.19 17:46:03 INFO  no build target found for C:\Users\toorr\v1\build.sbt. Using presentation compiler with project's scala-library version: 3.3.6
2025.05.19 17:46:07 INFO  running 'C:\Users\toorr\AppData\Local\Coursier\cache\arc\https\github.com\adoptium\temurin17-binaries\releases\download\jdk-17.0.13%252B11\OpenJDK17U-jdk_x64_windows_hotspot_17.0.13_11.zip\jdk-17.0.13+11\bin\java.exe -Djline.terminal=jline.UnsupportedTerminal -Dsbt.log.noformat=true -Dfile.encoding=UTF-8 -jar C:\Users\toorr\AppData\Local\Temp\metals12539709885038782215\sbt-launch.jar -Dbloop.export-jar-classifiers=sources bloopInstall'
2025.05.19 17:46:08 INFO  [info] welcome to sbt 1.10.11 (Eclipse Adoptium Java 17.0.13)
2025.05.19 17:46:09 INFO  no build target found for C:\Users\toorr\v1\build.sbt. Using presentation compiler with project's scala-library version: 3.3.6
2025.05.19 17:46:11 INFO  [info] loading settings for project v1-build-build from metals.sbt...
2025.05.19 17:46:11 INFO  [info] loading project definition from C:\Users\toorr\v1\project\project
2025.05.19 17:46:13 INFO  [info] loading settings for project v1-build from metals.sbt...
2025.05.19 17:46:13 INFO  [info] loading project definition from C:\Users\toorr\v1\project
2025.05.19 17:46:15 INFO  [success] Generated .bloop\v1-build.json
2025.05.19 17:46:15 INFO  [success] Total time: 2 s, completed 19 РјР°СЏ 2025 Рі., 17:46:15
2025.05.19 17:46:17 INFO  [info] loading settings for project v1 from build.sbt...
2025.05.19 17:46:17 INFO  [info] set current project to hello-world (in build file:/C:/Users/toorr/v1/)
2025.05.19 17:46:23 INFO  [success] Generated .bloop\v1.json
2025.05.19 17:46:23 INFO  [success] Generated .bloop\v1-test.json
2025.05.19 17:46:23 INFO  [success] Total time: 6 s, completed 19 РјР°СЏ 2025 Рі., 17:46:23
2025.05.19 17:46:24 INFO  time: ran 'sbt bloopInstall' in 16s
2025.05.19 17:46:24 INFO  no build target found for C:\Users\toorr\v1\src\main\scala\Main.scala. Using presentation compiler with project's scala-library version: 3.3.6
2025.05.19 17:46:24 WARN  no build target for: C:\Users\toorr\v1\build.sbt
2025.05.19 17:46:24 WARN  no build target for: C:\Users\toorr\v1\src\main\scala\Main.scala
2025.05.19 17:46:24 INFO  no build target found for C:\Users\toorr\v1\build.sbt. Using presentation compiler with project's scala-library version: 3.3.6
2025.05.19 17:46:24 INFO  running 'C:\Users\toorr\AppData\Local\Coursier\cache\arc\https\github.com\adoptium\temurin17-binaries\releases\download\jdk-17.0.13%252B11\OpenJDK17U-jdk_x64_windows_hotspot_17.0.13_11.zip\jdk-17.0.13+11\bin\java.exe -Djline.terminal=jline.UnsupportedTerminal -Dsbt.log.noformat=true -Dfile.encoding=UTF-8 -jar C:\Users\toorr\AppData\Local\Temp\metals4535690858496321353\sbt-launch.jar -Dbloop.export-jar-classifiers=sources bloopInstall'
2025.05.19 17:46:24 WARN  Could not find semantic tokens for: file:///C:/Users/toorr/v1/build.sbt
2025.05.19 17:46:24 INFO  no build target found for C:\Users\toorr\v1\build.sbt. Using presentation compiler with project's scala-library version: 3.3.6
2025.05.19 17:46:24 WARN  Could not find semantic tokens for: file:///C:/Users/toorr/v1/build.sbt
2025.05.19 17:46:25 INFO  [info] welcome to sbt 1.10.11 (Eclipse Adoptium Java 17.0.13)
2025.05.19 17:46:25 INFO  [info] loading settings for project v1-build-build from metals.sbt...
2025.05.19 17:46:26 INFO  [info] loading project definition from C:\Users\toorr\v1\project\project
2025.05.19 17:46:26 INFO  [info] loading settings for project v1-build from metals.sbt...
2025.05.19 17:46:26 INFO  [info] loading project definition from C:\Users\toorr\v1\project
2025.05.19 17:46:30 INFO  [success] Generated .bloop\v1-build.json
2025.05.19 17:46:30 INFO  [success] Total time: 2 s, completed 19 РјР°СЏ 2025 Рі., 17:46:30
2025.05.19 17:46:30 INFO  [info] loading settings for project v1 from build.sbt...
2025.05.19 17:46:30 INFO  [info] set current project to hello-world (in build file:/C:/Users/toorr/v1/)
2025.05.19 17:46:30 INFO  [success] Generated .bloop\v1.json
2025.05.19 17:46:30 INFO  [success] Generated .bloop\v1-test.json
2025.05.19 17:46:30 INFO  [success] Total time: 0 s, completed 19 РјР°СЏ 2025 Рі., 17:46:31
2025.05.19 17:46:31 INFO  time: ran 'sbt bloopInstall' in 7.17s
2025.05.19 17:46:31 INFO  Attempting to connect to the build server...
2025.05.19 17:46:31 INFO  Found a Bloop server running
2025.05.19 17:46:31 INFO  tracing is disabled for protocol BSP, to enable tracing of incoming and outgoing JSON messages create an empty file at C:\Users\toorr\v1\.metals\bsp.trace.json or C:\Users\toorr\AppData\Local\scalameta\metals\cache\bsp.trace.json
2025.05.19 17:46:33 INFO  no build target found for C:\Users\toorr\v1\src\main\scala\Main.scala. Using presentation compiler with project's scala-library version: 3.3.6
2025.05.19 17:46:33 WARN  no build target for: C:\Users\toorr\v1\src\main\scala\Main.scala
2025.05.19 17:46:33 INFO  no build target found for C:\Users\toorr\v1\src\main\scala\Main.scala. Using presentation compiler with project's scala-library version: 3.3.6
2025.05.19 17:46:33 INFO  no build target found for C:\Users\toorr\v1\src\main\scala\Main.scala. Using presentation compiler with project's scala-library version: 3.3.6
2025.05.19 17:46:36 WARN  no build target for: C:\Users\toorr\v1\src\main\scala\Main.scala
2025.05.19 17:46:36 INFO  no build target found for C:\Users\toorr\v1\src\main\scala\Main.scala. Using presentation compiler with project's scala-library version: 3.3.6
2025.05.19 17:46:36 INFO  Attempting to connect to the build server...
2025.05.19 17:46:36 INFO  Found a Bloop server running
2025.05.19 17:46:36 INFO  tracing is disabled for protocol BSP, to enable tracing of incoming and outgoing JSON messages create an empty file at C:\Users\toorr\v1\project\.metals\bsp.trace.json or C:\Users\toorr\AppData\Local\scalameta\metals\cache\bsp.trace.json
2025.05.19 17:46:37 INFO  time: Connected to build server in 5.82s
2025.05.19 17:46:36 INFO  Connected to Build server: Bloop v2.0.10
2025.05.19 17:46:46 INFO  time: indexed workspace in 9.28s
2025.05.19 17:46:46 INFO  compiling v1 (1 scala source)
2025.05.19 17:46:53 INFO  time: compiled v1 in 6.51s
2025.05.19 17:47:01 INFO  skipping build import with status 'Installed'
2025.05.19 17:47:01 INFO  Disconnecting from Bloop session...
2025.05.19 17:47:01 INFO  Shut down connection with build server.
2025.05.19 17:47:01 INFO  Shut down connection with build server.
2025.05.19 17:47:01 INFO  Attempting to connect to the build server...
2025.05.19 17:47:01 INFO  Found a Bloop server running
2025.05.19 17:47:02 INFO  tracing is disabled for protocol BSP, to enable tracing of incoming and outgoing JSON messages create an empty file at C:\Users\toorr\v1\.metals\bsp.trace.json or C:\Users\toorr\AppData\Local\scalameta\metals\cache\bsp.trace.json
2025.05.19 17:47:02 INFO  Attempting to connect to the build server...
2025.05.19 17:47:02 INFO  Found a Bloop server running
2025.05.19 17:47:02 INFO  tracing is disabled for protocol BSP, to enable tracing of incoming and outgoing JSON messages create an empty file at C:\Users\toorr\v1\project\.metals\bsp.trace.json or C:\Users\toorr\AppData\Local\scalameta\metals\cache\bsp.trace.json
2025.05.19 17:47:02 INFO  time: Connected to build server in 0.24s
2025.05.19 17:47:02 INFO  Connected to Build server: Bloop v2.0.10
2025.05.19 17:47:04 INFO  time: indexed workspace in 2.19s
2025.05.19 17:47:30 INFO  running 'C:\Users\toorr\AppData\Local\Coursier\cache\arc\https\github.com\adoptium\temurin17-binaries\releases\download\jdk-17.0.13%252B11\OpenJDK17U-jdk_x64_windows_hotspot_17.0.13_11.zip\jdk-17.0.13+11\bin\java.exe -Djline.terminal=jline.UnsupportedTerminal -Dsbt.log.noformat=true -Dfile.encoding=UTF-8 -jar C:\Users\toorr\AppData\Local\Temp\metals620001767340622259\sbt-launch.jar -Dbloop.export-jar-classifiers=sources bloopInstall'
2025.05.19 17:47:32 INFO  [info] welcome to sbt 1.10.11 (Eclipse Adoptium Java 17.0.13)
2025.05.19 17:47:32 INFO  [info] loading settings for project v1-build-build from metals.sbt...
2025.05.19 17:47:33 INFO  [info] loading project definition from C:\Users\toorr\v1\project\project
2025.05.19 17:47:33 INFO  [info] loading settings for project v1-build from metals.sbt...
2025.05.19 17:47:33 INFO  [info] loading project definition from C:\Users\toorr\v1\project
2025.05.19 17:47:36 INFO  [success] Generated .bloop\v1-build.json
2025.05.19 17:47:36 INFO  [success] Total time: 2 s, completed 19 РјР°СЏ 2025 Рі., 17:47:36
2025.05.19 17:47:36 INFO  [info] loading settings for project v1 from build.sbt...
2025.05.19 17:47:36 INFO  [info] set current project to hello-world (in build file:/C:/Users/toorr/v1/)
2025.05.19 17:47:36 INFO  [success] Generated .bloop\v1-test.json
2025.05.19 17:47:36 INFO  [success] Generated .bloop\v1.json
2025.05.19 17:47:36 INFO  [success] Total time: 0 s, completed 19 РјР°СЏ 2025 Рі., 17:47:37
2025.05.19 17:47:37 INFO  time: ran 'sbt bloopInstall' in 6.61s
2025.05.19 17:47:37 INFO  Disconnecting from Bloop session...
2025.05.19 17:47:37 INFO  Shut down connection with build server.
2025.05.19 17:47:37 INFO  Shut down connection with build server.
2025.05.19 17:47:37 INFO  Attempting to connect to the build server...
2025.05.19 17:47:37 INFO  Found a Bloop server running
2025.05.19 17:47:37 INFO  tracing is disabled for protocol BSP, to enable tracing of incoming and outgoing JSON messages create an empty file at C:\Users\toorr\v1\.metals\bsp.trace.json or C:\Users\toorr\AppData\Local\scalameta\metals\cache\bsp.trace.json
2025.05.19 17:47:37 INFO  Attempting to connect to the build server...
2025.05.19 17:47:37 INFO  Found a Bloop server running
2025.05.19 17:47:37 INFO  tracing is disabled for protocol BSP, to enable tracing of incoming and outgoing JSON messages create an empty file at C:\Users\toorr\v1\project\.metals\bsp.trace.json or C:\Users\toorr\AppData\Local\scalameta\metals\cache\bsp.trace.json
2025.05.19 17:47:37 INFO  time: Connected to build server in 0.27s
2025.05.19 17:47:37 INFO  Connected to Build server: Bloop v2.0.10
2025.05.19 17:47:39 INFO  time: indexed workspace in 1.55s
2025.05.19 17:48:19 INFO  Shutting down server
2025.05.19 17:48:19 INFO  shutting down Metals
2025.05.19 17:48:19 INFO  Shut down connection with build server.
2025.05.19 17:48:19 INFO  Shut down connection with build server.
2025.05.19 17:48:19 INFO  Exiting server
2025.05.19 18:06:34 INFO  Started: Metals version 1.5.3 in folders 'C:\Users\toorr\v1' for client Visual Studio Code 1.100.2.
2025.05.19 18:06:36 INFO  no build target found for C:\Users\toorr\v1\src\main\scala\Main.scala. Using presentation compiler with project's scala-library version: 3.3.6
2025.05.19 18:06:37 INFO  no build target found for C:\Users\toorr\v1\src\main\scala\Main.scala. Using presentation compiler with project's scala-library version: 3.3.6
2025.05.19 18:06:37 INFO  Attempting to connect to the build server...
2025.05.19 18:06:37 INFO  Found a Bloop server running
2025.05.19 18:06:37 INFO  tracing is disabled for protocol BSP, to enable tracing of incoming and outgoing JSON messages create an empty file at C:\Users\toorr\v1\.metals\bsp.trace.json or C:\Users\toorr\AppData\Local\scalameta\metals\cache\bsp.trace.json
2025.05.19 18:06:37 INFO  Attempting to connect to the build server...
2025.05.19 18:06:37 INFO  Found a Bloop server running
2025.05.19 18:06:37 INFO  tracing is disabled for protocol BSP, to enable tracing of incoming and outgoing JSON messages create an empty file at C:\Users\toorr\v1\project\.metals\bsp.trace.json or C:\Users\toorr\AppData\Local\scalameta\metals\cache\bsp.trace.json
2025.05.19 18:06:37 INFO  time: Connected to build server in 0.42s
2025.05.19 18:06:37 INFO  Connected to Build server: Bloop v2.0.10
2025.05.19 18:06:37 INFO  time: Imported build in 0.1s
2025.05.19 18:06:42 INFO  time: indexed workspace in 5.11s
2025.05.19 18:24:18 INFO  compiling v1 (1 scala source)
2025.05.19 18:24:20 INFO  time: compiled v1 in 2.32s
2025.05.19 18:24:25 INFO  compiling v1 (1 scala source)
2025.05.19 18:24:25 INFO  time: compiled v1 in 0.49s
2025.05.19 18:24:56 INFO  compiling v1 (1 scala source)
2025.05.19 18:24:56 INFO  time: compiled v1 in 0.44s
2025.05.19 18:25:05 INFO  compiling v1 (1 scala source)
2025.05.19 18:25:05 INFO  time: compiled v1 in 0.32s
2025.05.19 18:25:12 INFO  compiling v1 (1 scala source)
2025.05.19 18:25:12 INFO  time: compiled v1 in 0.64s
мая 19, 2025 6:25:13 PM scala.meta.internal.metals.StdReporter $anonfun$create$1
WARNING: empty definition using pc, found symbol in pc: effect. (full report at: C:\Users\toorr\v1\.metals\.reports\metals-full\2025-05-19\r_empty-definition_(v1)_18-25-13-950.md)
2025.05.19 18:25:19 INFO  compiling v1 (1 scala source)
2025.05.19 18:25:20 INFO  time: compiled v1 in 1.08s
мая 19, 2025 6:25:39 PM org.eclipse.lsp4j.jsonrpc.RemoteEndpoint handleNotification
WARNING: Notification threw an exception: {
  "jsonrpc": "2.0",
  "method": "textDocument/didChange",
  "params": {
    "textDocument": {
      "version": 27,
      "uri": "file:///c%3A/Users/toorr/v1/src/main/scala/Main.scala"
    },
    "contentChanges": [
      {
        "text": "object Main extends App {\r\n  println(\"Hello, World!gfg\")\r\n}"
      }
    ]
  }
}
java.lang.IllegalArgumentException: -1 is not a valid offset, allowed [0..59]
	at scala.meta.internal.inputs.InternalInput.offsetToLine(InternalInput.scala:54)
	at scala.meta.internal.inputs.InternalInput.offsetToLine$(InternalInput.scala:48)
	at scala.meta.inputs.Input$VirtualFile.offsetToLine(Input.scala:105)
	at scala.meta.inputs.Position$Range.startLine$lzycompute(Position.scala:45)
	at scala.meta.inputs.Position$Range.startLine(Position.scala:45)
	at scala.meta.internal.mtags.ScalametaCommonEnrichments$XtensionMetaPosition.toLsp(ScalametaCommonEnrichments.scala:80)
	at scala.meta.internal.parsing.TokenEditDistance$Diff.$anonfun$toRevised$8(TokenEditDistance.scala:310)
	at scala.Option.flatMap(Option.scala:283)
	at scala.meta.internal.parsing.TokenEditDistance$Diff.toRevised(TokenEditDistance.scala:241)
	at scala.meta.internal.metals.Diagnostics.toFreshDiagnostic(Diagnostics.scala:329)
	at scala.meta.internal.metals.Diagnostics.$anonfun$publishDiagnostics$2(Diagnostics.scala:285)
	at scala.meta.internal.metals.Diagnostics.$anonfun$publishDiagnostics$2$adapted(Diagnostics.scala:284)
	at scala.collection.IterableOnceOps.foreach(IterableOnce.scala:619)
	at scala.collection.IterableOnceOps.foreach$(IterableOnce.scala:617)
	at scala.collection.AbstractIterable.foreach(Iterable.scala:935)
	at scala.meta.internal.metals.Diagnostics.publishDiagnostics(Diagnostics.scala:284)
	at scala.meta.internal.metals.Diagnostics.publishDiagnostics(Diagnostics.scala:246)
	at scala.meta.internal.metals.Diagnostics.didChange(Diagnostics.scala:159)
	at scala.meta.internal.metals.MetalsLspService.didChange(MetalsLspService.scala:821)
	at scala.meta.internal.metals.ProjectMetalsLspService.didChange(ProjectMetalsLspService.scala:277)
	at scala.meta.internal.metals.WorkspaceLspService.didChange(WorkspaceLspService.scala:471)
	at scala.meta.metals.lsp.DelegatingScalaService.didChange(DelegatingScalaService.scala:46)
	at jdk.internal.reflect.GeneratedMethodAccessor5.invoke(Unknown Source)
	at java.base/jdk.internal.reflect.DelegatingMethodAccessorImpl.invoke(DelegatingMethodAccessorImpl.java:43)
	at java.base/java.lang.reflect.Method.invoke(Method.java:569)
	at org.eclipse.lsp4j.jsonrpc.services.GenericEndpoint.lambda$recursiveFindRpcMethods$0(GenericEndpoint.java:65)
	at org.eclipse.lsp4j.jsonrpc.services.GenericEndpoint.notify(GenericEndpoint.java:160)
	at org.eclipse.lsp4j.jsonrpc.RemoteEndpoint.handleNotification(RemoteEndpoint.java:231)
	at org.eclipse.lsp4j.jsonrpc.RemoteEndpoint.consume(RemoteEndpoint.java:198)
	at org.eclipse.lsp4j.jsonrpc.json.StreamMessageProducer.handleMessage(StreamMessageProducer.java:185)
	at org.eclipse.lsp4j.jsonrpc.json.StreamMessageProducer.listen(StreamMessageProducer.java:97)
	at org.eclipse.lsp4j.jsonrpc.json.ConcurrentMessageProcessor.run(ConcurrentMessageProcessor.java:114)
	at java.base/java.util.concurrent.Executors$RunnableAdapter.call(Executors.java:539)
	at java.base/java.util.concurrent.FutureTask.run(FutureTask.java:264)
	at java.base/java.util.concurrent.ThreadPoolExecutor.runWorker(ThreadPoolExecutor.java:1136)
	at java.base/java.util.concurrent.ThreadPoolExecutor$Worker.run(ThreadPoolExecutor.java:635)
	at java.base/java.lang.Thread.run(Thread.java:840)

2025.05.19 18:25:43 INFO  file:///C:/Users/toorr/v1/src/main/scala/Main.scala:21:16: stale bloop error: Not found: type EitherT
type AppF[A] = EitherT[IO, AppError, A]
               ^^^^^^^
2025.05.19 18:25:43 INFO  file:///C:/Users/toorr/v1/src/main/scala/Main.scala:21:24: stale bloop error: Not found: type IO
type AppF[A] = EitherT[IO, AppError, A]
                       ^^
2025.05.19 18:25:43 INFO  file:///C:/Users/toorr/v1/src/main/scala/Main.scala:67:40: stale bloop error: Not found: type IO
  private def promptLine(msg: String): IO[String] = IO {
                                       ^^
2025.05.19 18:25:43 INFO  file:///C:/Users/toorr/v1/src/main/scala/Main.scala:67:53: stale bloop error: Not found: IO
  private def promptLine(msg: String): IO[String] = IO {
                                                    ^^
2025.05.19 18:25:43 INFO  file:///C:/Users/toorr/v1/src/main/scala/Main.scala:72:5: stale bloop error: Not found: EitherT
    EitherT.liftF(promptLine(msg)).flatMap { input =>
    ^^^^^^^
2025.05.19 18:25:43 INFO  file:///C:/Users/toorr/v1/src/main/scala/Main.scala:78:58: stale bloop error: Not found: type IO
  private def printPublications(lst: List[Publication]): IO[Unit] = IO {
                                                         ^^
2025.05.19 18:25:43 INFO  file:///C:/Users/toorr/v1/src/main/scala/Main.scala:78:69: stale bloop error: Not found: IO
  private def printPublications(lst: List[Publication]): IO[Unit] = IO {
                                                                    ^^
2025.05.19 18:25:43 INFO  file:///C:/Users/toorr/v1/src/main/scala/Main.scala:84:43: stale bloop error: Not found: type IO
  private def handleError(err: AppError): IO[Unit] = IO {
                                          ^^
2025.05.19 18:25:43 INFO  file:///C:/Users/toorr/v1/src/main/scala/Main.scala:84:54: stale bloop error: Not found: IO
  private def handleError(err: AppError): IO[Unit] = IO {
                                                     ^^
2025.05.19 18:25:43 INFO  file:///C:/Users/toorr/v1/src/main/scala/Main.scala:89:66: stale bloop error: Not found: type IO
  def loop(repo: PublicationRepo[AppF], rec: Recommender[AppF]): IO[Unit] = {
                                                                 ^^
2025.05.19 18:25:43 INFO  file:///C:/Users/toorr/v1/src/main/scala/Main.scala:112:31: stale bloop error: Not found: type IOApp - did you mean App?
object RecommenderApp extends IOApp {
                              ^^^^^
2025.05.19 18:25:43 INFO  file:///C:/Users/toorr/v1/src/main/scala/Main.scala:113:41: stale bloop error: Not found: type IO
  override def run(args: List[String]): IO[ExitCode] = {
                                        ^^
2025.05.19 18:25:43 INFO  file:///C:/Users/toorr/v1/src/main/scala/Main.scala:113:44: stale bloop error: Not found: type ExitCode
  override def run(args: List[String]): IO[ExitCode] = {
                                           ^^^^^^^^
2025.05.19 18:25:43 INFO  file:///C:/Users/toorr/v1/src/main/scala/Main.scala:131:5: stale bloop error: Not found: IO
    IO(println("=== Student Publication Recommender ===")) *>
    ^^
2025.05.19 18:25:43 INFO  file:///C:/Users/toorr/v1/src/main/scala/Main.scala:40:45: stale bloop error: Not found: type IO
  def pure[A](a: A): AppF[A] = EitherT.pure[IO, AppError](a)
                                            ^^
2025.05.19 18:25:43 INFO  file:///C:/Users/toorr/v1/src/main/scala/Main.scala:40:32: stale bloop error: Not found: EitherT
  def pure[A](a: A): AppF[A] = EitherT.pure[IO, AppError](a)
                               ^^^^^^^
2025.05.19 18:25:43 INFO  file:///C:/Users/toorr/v1/src/main/scala/Main.scala:41:75: stale bloop error: Not found: type IO
  def fromEither[A](e: Either[AppError, A]): AppF[A] = EitherT.fromEither[IO](e)
                                                                          ^^
2025.05.19 18:25:43 INFO  file:///C:/Users/toorr/v1/src/main/scala/Main.scala:41:56: stale bloop error: Not found: EitherT
  def fromEither[A](e: Either[AppError, A]): AppF[A] = EitherT.fromEither[IO](e)
                                                       ^^^^^^^
2025.05.19 18:25:43 INFO  file:///C:/Users/toorr/v1/src/main/scala/Main.scala:42:61: stale bloop error: Not found: type IO
  def raiseError[A](err: AppError): AppF[A] = EitherT.leftT[IO, A](err)
                                                            ^^
2025.05.19 18:25:43 INFO  file:///C:/Users/toorr/v1/src/main/scala/Main.scala:42:47: stale bloop error: Not found: EitherT
  def raiseError[A](err: AppError): AppF[A] = EitherT.leftT[IO, A](err)
                                              ^^^^^^^
2025.05.19 18:25:43 WARN  Could not find semantic tokens for: file:///C:/Users/toorr/v1/src/main/scala/Main.scala
мая 19, 2025 6:25:45 PM org.eclipse.lsp4j.jsonrpc.RemoteEndpoint handleNotification
WARNING: Notification threw an exception: {
  "jsonrpc": "2.0",
  "method": "textDocument/didChange",
  "params": {
    "textDocument": {
      "version": 29,
      "uri": "file:///c%3A/Users/toorr/v1/src/main/scala/Main.scala"
    },
    "contentChanges": [
      {
        "text": "object Main extends App {\r\n  println(\"Hello, World!gfg\")\r\n}"
      }
    ]
  }
}
java.lang.IllegalArgumentException: -1 is not a valid offset, allowed [0..59]
	at scala.meta.internal.inputs.InternalInput.offsetToLine(InternalInput.scala:54)
	at scala.meta.internal.inputs.InternalInput.offsetToLine$(InternalInput.scala:48)
	at scala.meta.inputs.Input$VirtualFile.offsetToLine(Input.scala:105)
	at scala.meta.inputs.Position$Range.startLine$lzycompute(Position.scala:45)
	at scala.meta.inputs.Position$Range.startLine(Position.scala:45)
	at scala.meta.internal.mtags.ScalametaCommonEnrichments$XtensionMetaPosition.toLsp(ScalametaCommonEnrichments.scala:80)
	at scala.meta.internal.parsing.TokenEditDistance$Diff.$anonfun$toRevised$8(TokenEditDistance.scala:310)
	at scala.Option.flatMap(Option.scala:283)
	at scala.meta.internal.parsing.TokenEditDistance$Diff.toRevised(TokenEditDistance.scala:241)
	at scala.meta.internal.metals.Diagnostics.toFreshDiagnostic(Diagnostics.scala:329)
	at scala.meta.internal.metals.Diagnostics.$anonfun$publishDiagnostics$2(Diagnostics.scala:285)
	at scala.meta.internal.metals.Diagnostics.$anonfun$publishDiagnostics$2$adapted(Diagnostics.scala:284)
	at scala.collection.IterableOnceOps.foreach(IterableOnce.scala:619)
	at scala.collection.IterableOnceOps.foreach$(IterableOnce.scala:617)
	at scala.collection.AbstractIterable.foreach(Iterable.scala:935)
	at scala.meta.internal.metals.Diagnostics.publishDiagnostics(Diagnostics.scala:284)
	at scala.meta.internal.metals.Diagnostics.publishDiagnostics(Diagnostics.scala:246)
	at scala.meta.internal.metals.Diagnostics.didChange(Diagnostics.scala:159)
	at scala.meta.internal.metals.MetalsLspService.didChange(MetalsLspService.scala:821)
	at scala.meta.internal.metals.ProjectMetalsLspService.didChange(ProjectMetalsLspService.scala:277)
	at scala.meta.internal.metals.WorkspaceLspService.didChange(WorkspaceLspService.scala:471)
	at scala.meta.metals.lsp.DelegatingScalaService.didChange(DelegatingScalaService.scala:46)
	at jdk.internal.reflect.GeneratedMethodAccessor5.invoke(Unknown Source)
	at java.base/jdk.internal.reflect.DelegatingMethodAccessorImpl.invoke(DelegatingMethodAccessorImpl.java:43)
	at java.base/java.lang.reflect.Method.invoke(Method.java:569)
	at org.eclipse.lsp4j.jsonrpc.services.GenericEndpoint.lambda$recursiveFindRpcMethods$0(GenericEndpoint.java:65)
	at org.eclipse.lsp4j.jsonrpc.services.GenericEndpoint.notify(GenericEndpoint.java:160)
	at org.eclipse.lsp4j.jsonrpc.RemoteEndpoint.handleNotification(RemoteEndpoint.java:231)
	at org.eclipse.lsp4j.jsonrpc.RemoteEndpoint.consume(RemoteEndpoint.java:198)
	at org.eclipse.lsp4j.jsonrpc.json.StreamMessageProducer.handleMessage(StreamMessageProducer.java:185)
	at org.eclipse.lsp4j.jsonrpc.json.StreamMessageProducer.listen(StreamMessageProducer.java:97)
	at org.eclipse.lsp4j.jsonrpc.json.ConcurrentMessageProcessor.run(ConcurrentMessageProcessor.java:114)
	at java.base/java.util.concurrent.Executors$RunnableAdapter.call(Executors.java:539)
	at java.base/java.util.concurrent.FutureTask.run(FutureTask.java:264)
	at java.base/java.util.concurrent.ThreadPoolExecutor.runWorker(ThreadPoolExecutor.java:1136)
	at java.base/java.util.concurrent.ThreadPoolExecutor$Worker.run(ThreadPoolExecutor.java:635)
	at java.base/java.lang.Thread.run(Thread.java:840)

2025.05.19 18:26:54 INFO  time: code lens generation in 4.28s
мая 19, 2025 6:26:54 PM org.eclipse.lsp4j.jsonrpc.RemoteEndpoint handleCancellation
WARNING: Unmatched cancel notification for request id 297
мая 19, 2025 6:26:54 PM org.eclipse.lsp4j.jsonrpc.RemoteEndpoint handleCancellation
WARNING: Unmatched cancel notification for request id 299
мая 19, 2025 6:26:54 PM scala.meta.internal.metals.StdReporter $anonfun$create$1
WARNING: empty definition using pc, found symbol in pc:  (full report at: C:\Users\toorr\v1\.metals\.reports\metals-full\2025-05-19\r_empty-definition_17-31-59-116.md)
мая 19, 2025 6:26:54 PM org.eclipse.lsp4j.jsonrpc.RemoteEndpoint handleCancellation
WARNING: Unmatched cancel notification for request id 301
мая 19, 2025 6:26:54 PM org.eclipse.lsp4j.jsonrpc.RemoteEndpoint handleCancellation
WARNING: Unmatched cancel notification for request id 305
2025.05.19 18:26:59 INFO  running 'C:\Users\toorr\AppData\Local\Coursier\cache\arc\https\github.com\adoptium\temurin17-binaries\releases\download\jdk-17.0.13%252B11\OpenJDK17U-jdk_x64_windows_hotspot_17.0.13_11.zip\jdk-17.0.13+11\bin\java.exe -Djline.terminal=jline.UnsupportedTerminal -Dsbt.log.noformat=true -Dfile.encoding=UTF-8 -jar C:\Users\toorr\AppData\Local\Temp\metals15309288772500469494\sbt-launch.jar -Dbloop.export-jar-classifiers=sources bloopInstall'
2025.05.19 18:27:00 INFO  [info] welcome to sbt 1.10.11 (Eclipse Adoptium Java 17.0.13)
2025.05.19 18:27:00 INFO  [info] loading settings for project v1-build-build from metals.sbt...
2025.05.19 18:27:02 INFO  [info] loading project definition from C:\Users\toorr\v1\project\project
2025.05.19 18:27:02 INFO  [info] loading settings for project v1-build from metals.sbt...
2025.05.19 18:27:03 INFO  [info] loading project definition from C:\Users\toorr\v1\project
2025.05.19 18:27:06 INFO  [success] Generated .bloop\v1-build.json
2025.05.19 18:27:06 INFO  [success] Total time: 3 s, completed 19 РјР°СЏ 2025 Рі., 18:27:06
2025.05.19 18:27:08 INFO  [info] loading settings for project v1 from build.sbt...
2025.05.19 18:27:08 INFO  [info] set current project to v1 (in build file:/C:/Users/toorr/v1/)
2025.05.19 18:27:17 INFO  [success] Generated .bloop\v1.json
2025.05.19 18:27:17 INFO  [success] Generated .bloop\v1-test.json
2025.05.19 18:27:17 INFO  [success] Total time: 8 s, completed 19 РјР°СЏ 2025 Рі., 18:27:17
2025.05.19 18:27:17 INFO  time: ran 'sbt bloopInstall' in 18s
2025.05.19 18:27:17 INFO  Disconnecting from Bloop session...
2025.05.19 18:27:17 INFO  Shut down connection with build server.
2025.05.19 18:27:17 INFO  Shut down connection with build server.
2025.05.19 18:27:17 INFO  Attempting to connect to the build server...
2025.05.19 18:27:17 INFO  Found a Bloop server running
2025.05.19 18:27:17 INFO  tracing is disabled for protocol BSP, to enable tracing of incoming and outgoing JSON messages create an empty file at C:\Users\toorr\v1\.metals\bsp.trace.json or C:\Users\toorr\AppData\Local\scalameta\metals\cache\bsp.trace.json
2025.05.19 18:27:17 INFO  Attempting to connect to the build server...
2025.05.19 18:27:17 INFO  Found a Bloop server running
2025.05.19 18:27:17 INFO  tracing is disabled for protocol BSP, to enable tracing of incoming and outgoing JSON messages create an empty file at C:\Users\toorr\v1\project\.metals\bsp.trace.json or C:\Users\toorr\AppData\Local\scalameta\metals\cache\bsp.trace.json
2025.05.19 18:27:17 INFO  time: Connected to build server in 0.34s
2025.05.19 18:27:17 INFO  Connected to Build server: Bloop v2.0.10
2025.05.19 18:27:24 INFO  time: Imported build in 6.97s
2025.05.19 18:27:24 WARN  2.13.10 is no longer supported in the current Metals versions, using the last known supported version 1.3.3
2025.05.19 18:27:40 INFO  time: indexed workspace in 15s
2025.05.19 18:27:40 INFO  compiling v1 (1 scala source)
2025.05.19 18:28:00 INFO  time: compiled v1 in 19s
2025.05.19 18:28:39 INFO  compiling v1 (1 scala source)
2025.05.19 18:28:39 INFO  time: compiled v1 in 0.15s
2025.05.19 18:30:34 INFO  compiling v1 (1 scala source)
2025.05.19 18:30:34 INFO  time: compiled v1 in 0.17s
2025.05.19 18:31:22 INFO  compiling v1 (1 scala source)
2025.05.19 18:31:22 INFO  time: compiled v1 in 0.12s
2025.05.19 18:32:21 INFO  compiling v1 (1 scala source)
2025.05.19 18:32:23 INFO  time: compiled v1 in 1.77s
2025.05.19 18:33:10 INFO  compiling v1 (1 scala source)
2025.05.19 18:33:10 INFO  time: compiled v1 in 0.18s
мая 19, 2025 6:33:16 PM scala.meta.internal.metals.StdReporter $anonfun$create$1
WARNING: empty definition using pc, found symbol in pc:  (full report at: C:\Users\toorr\v1\.metals\.reports\metals-full\2025-05-19\r_empty-definition_(v1)_18-33-16-607.md)
2025.05.19 18:33:18 INFO  compiling v1 (1 scala source)
2025.05.19 18:33:18 INFO  time: compiled v1 in 0.13s
2025.05.19 18:33:23 INFO  compiling v1 (1 scala source)
2025.05.19 18:33:23 INFO  time: compiled v1 in 0.12s
мая 19, 2025 6:33:26 PM scala.meta.internal.metals.StdReporter $anonfun$create$1
WARNING: empty definition using pc, found symbol in pc:  (full report at: C:\Users\toorr\v1\.metals\.reports\metals-full\2025-05-19\r_empty-definition_(v1)_18-33-16-607.md)
2025.05.19 18:34:58 INFO  compiling v1 (1 scala source)
2025.05.19 18:34:58 INFO  time: compiled v1 in 0.15s
2025.05.19 18:35:09 INFO  compiling v1 (1 scala source)
2025.05.19 18:35:09 INFO  time: compiled v1 in 0.11s
2025.05.19 18:41:58 INFO  compiling v1 (8 scala sources)
2025.05.19 18:42:01 WARN  Invalid text document uri received from build server: file:///C:/Users/toorr/v1/src/main/scala/Main.scala
2025.05.19 18:42:01 INFO  time: compiled v1 in 2.77s
2025.05.19 18:42:01 INFO  compiling v1 (8 scala sources)
2025.05.19 18:42:03 INFO  time: compiled v1 in 2.38s
2025.05.19 18:46:37 INFO  compiling v1 (8 scala sources)
2025.05.19 18:46:39 INFO  time: compiled v1 in 1.12s
2025.05.19 18:47:21 INFO  compiling v1 (8 scala sources)
2025.05.19 18:47:21 INFO  time: compiled v1 in 0.74s
мая 19, 2025 6:48:19 PM scala.meta.internal.metals.StdReporter $anonfun$create$1
WARNING: empty definition using pc, found symbol in pc:  (full report at: C:\Users\toorr\v1\.metals\.reports\metals-full\2025-05-19\r_empty-definition_(v1)_18-48-19-227.md)
2025.05.19 18:48:19 INFO  compiling v1 (8 scala sources)
2025.05.19 18:48:20 INFO  time: compiled v1 in 1.46s
2025.05.19 18:48:44 INFO  compiling v1 (8 scala sources)
2025.05.19 18:48:45 INFO  time: compiled v1 in 1.31s
2025.05.19 18:48:59 INFO  compiling v1 (8 scala sources)
2025.05.19 18:48:59 INFO  time: compiled v1 in 0.55s
2025.05.19 18:50:10 INFO  compiling v1 (8 scala sources)
2025.05.19 18:50:10 INFO  time: compiled v1 in 0.65s
2025.05.19 18:50:37 INFO  compiling v1 (8 scala sources)
2025.05.19 18:50:37 INFO  time: compiled v1 in 0.55s
2025.05.19 18:50:42 INFO  compiling v1 (8 scala sources)
2025.05.19 18:50:42 INFO  time: compiled v1 in 0.5s
2025.05.19 18:51:44 INFO  compiling v1 (8 scala sources)
2025.05.19 18:51:44 INFO  time: compiled v1 in 0.52s
2025.05.19 18:54:20 INFO  compiling v1 (8 scala sources)
2025.05.19 18:54:25 INFO  time: compiled v1 in 5.1s
мая 19, 2025 6:57:24 PM org.eclipse.lsp4j.jsonrpc.services.GenericEndpoint notify
INFO: Unsupported notification method: $/setTrace
2025.05.19 19:05:40 INFO  compiling v1 (1 scala source)
2025.05.19 19:05:41 INFO  time: compiled v1 in 1.89s
2025.05.19 19:08:25 INFO  compiling v1 (1 scala source)
2025.05.19 19:08:25 INFO  time: compiled v1 in 0.12s
2025.05.19 19:09:10 INFO  compiling v1 (1 scala source)
2025.05.19 19:09:11 INFO  time: compiled v1 in 1.65s
2025.05.19 19:10:45 INFO  compiling v1 (1 scala source)
2025.05.19 19:10:46 INFO  time: compiled v1 in 1.77s
2025.05.19 19:14:31 INFO  running 'C:\Users\toorr\AppData\Local\Coursier\cache\arc\https\github.com\adoptium\temurin17-binaries\releases\download\jdk-17.0.13%252B11\OpenJDK17U-jdk_x64_windows_hotspot_17.0.13_11.zip\jdk-17.0.13+11\bin\java.exe -Djline.terminal=jline.UnsupportedTerminal -Dsbt.log.noformat=true -Dfile.encoding=UTF-8 -jar C:\Users\toorr\AppData\Local\Temp\metals14738614377092405317\sbt-launch.jar -Dbloop.export-jar-classifiers=sources bloopInstall'
2025.05.19 19:14:33 INFO  [info] welcome to sbt 1.10.11 (Eclipse Adoptium Java 17.0.13)
2025.05.19 19:14:33 INFO  [info] loading settings for project v1-build-build from metals.sbt...
2025.05.19 19:14:35 INFO  [info] loading project definition from C:\Users\toorr\v1\project\project
2025.05.19 19:14:35 INFO  [info] loading settings for project v1-build from metals.sbt...
2025.05.19 19:14:36 INFO  [info] loading project definition from C:\Users\toorr\v1\project
2025.05.19 19:14:39 INFO  [success] Generated .bloop\v1-build.json
2025.05.19 19:14:39 INFO  [success] Total time: 3 s, completed 19 РјР°СЏ 2025 Рі., 19:14:39
2025.05.19 19:14:41 INFO  [info] loading settings for project v1 from build.sbt...
2025.05.19 19:14:41 INFO  [info] set current project to v1 (in build file:/C:/Users/toorr/v1/)
2025.05.19 19:14:47 INFO  [success] Generated .bloop\v1-test.json
2025.05.19 19:14:47 INFO  [success] Generated .bloop\v1.json
2025.05.19 19:14:47 INFO  [success] Total time: 5 s, completed 19 РјР°СЏ 2025 Рі., 19:14:47
2025.05.19 19:14:47 INFO  time: ran 'sbt bloopInstall' in 16s
2025.05.19 19:14:47 INFO  Disconnecting from Bloop session...
2025.05.19 19:14:47 INFO  Shut down connection with build server.
2025.05.19 19:14:47 INFO  Shut down connection with build server.
2025.05.19 19:14:47 INFO  Attempting to connect to the build server...
2025.05.19 19:14:47 INFO  Found a Bloop server running
2025.05.19 19:14:47 INFO  tracing is disabled for protocol BSP, to enable tracing of incoming and outgoing JSON messages create an empty file at C:\Users\toorr\v1\.metals\bsp.trace.json or C:\Users\toorr\AppData\Local\scalameta\metals\cache\bsp.trace.json
2025.05.19 19:14:47 INFO  Attempting to connect to the build server...
2025.05.19 19:14:47 INFO  Found a Bloop server running
2025.05.19 19:14:48 INFO  tracing is disabled for protocol BSP, to enable tracing of incoming and outgoing JSON messages create an empty file at C:\Users\toorr\v1\project\.metals\bsp.trace.json or C:\Users\toorr\AppData\Local\scalameta\metals\cache\bsp.trace.json
2025.05.19 19:14:48 INFO  time: Connected to build server in 1.01s
2025.05.19 19:14:48 INFO  Connected to Build server: Bloop v2.0.10
2025.05.19 19:14:51 INFO  time: indexed workspace in 2.93s
2025.05.19 19:14:51 INFO  compiling v1 (8 scala sources)
2025.05.19 19:14:54 INFO  time: compiled v1 in 2.96s
2025.05.19 19:18:07 INFO  compiling v1 (1 scala source)
2025.05.19 19:18:08 INFO  time: compiled v1 in 1.65s
2025.05.19 19:18:52 INFO  compiling v1 (1 scala source)
2025.05.19 19:18:52 INFO  time: compiled v1 in 0.65s
мая 19, 2025 7:18:59 PM scala.meta.internal.metals.StdReporter $anonfun$create$1
WARNING: empty definition using pc, found symbol in pc:  (full report at: C:\Users\toorr\v1\.metals\.reports\metals-full\2025-05-19\r_empty-definition_(v1)_19-18-59-503.md)
2025.05.19 19:19:02 INFO  no build target found for /cats/effect/IO.scala. Using presentation compiler with project's scala-library version: 2.13.16
2025.05.19 19:19:02 INFO  time: compiled v1 in 28ms
2025.05.19 19:19:27 INFO  compiling v1 (1 scala source)
2025.05.19 19:19:30 INFO  time: compiled v1 in 2.42s
2025.05.19 19:21:35 INFO  compiling v1 (1 scala source)
2025.05.19 19:21:36 INFO  time: compiled v1 in 1.27s
мая 19, 2025 7:23:08 PM scala.meta.internal.metals.StdReporter $anonfun$create$1
WARNING: empty definition using pc, found symbol in pc:  (full report at: C:\Users\toorr\v1\.metals\.reports\metals-full\2025-05-19\r_empty-definition_(v1)_19-23-08-206.md)
2025.05.19 19:23:09 INFO  compiling v1 (1 scala source)
2025.05.19 19:23:11 INFO  time: compiled v1 in 1.17s
2025.05.19 19:23:11 INFO  compiling v1 (1 scala source)
2025.05.19 19:23:11 INFO  time: compiled v1 in 0.83s
мая 19, 2025 7:23:22 PM org.eclipse.lsp4j.jsonrpc.RemoteEndpoint handleCancellation
WARNING: Unmatched cancel notification for request id 3593
2025.05.19 20:58:28 INFO  compiling v1 (1 scala source)
2025.05.19 20:58:28 INFO  time: compiled v1 in 0.18s
2025.05.19 20:58:33 INFO  compiling v1 (2 scala sources)
2025.05.19 20:58:33 INFO  time: compiled v1 in 0.21s
2025.05.19 20:59:02 INFO  compiling v1 (3 scala sources)
2025.05.19 20:59:02 INFO  time: compiled v1 in 0.33s
2025.05.19 20:59:14 INFO  compiling v1 (3 scala sources)
2025.05.19 20:59:14 INFO  time: compiled v1 in 0.27s
2025.05.19 20:59:24 INFO  compiling v1 (3 scala sources)
2025.05.19 20:59:24 INFO  time: compiled v1 in 0.28s
2025.05.19 20:59:40 INFO  compiling v1 (3 scala sources)
2025.05.19 20:59:40 INFO  time: compiled v1 in 0.26s
мая 19, 2025 8:59:46 PM scala.meta.internal.metals.StdReporter $anonfun$create$1
WARNING: empty definition using pc, found symbol in pc:  (full report at: C:\Users\toorr\v1\.metals\.reports\metals-full\2025-05-19\r_empty-definition_(v1)_20-59-46-844.md)
2025.05.19 21:03:03 INFO  compiling v1 (3 scala sources)
2025.05.19 21:03:05 INFO  time: compiled v1 in 1.83s
2025.05.19 21:05:10 ERROR scala.meta.internal.metals.debug.DiscoveryFailures$NoRunOptionException$: There is nothing to run or test in the current file.
	at scala.meta.internal.metals.debug.DiscoveryFailures$NoRunOptionException$.<clinit>(DiscoveryFailures.scala:62)
	at scala.meta.internal.metals.debug.DebugDiscovery.$anonfun$runOrTestFile$2(DebugDiscovery.scala:314)
	at scala.Option.fold(Option.scala:263)
	at scala.meta.internal.metals.debug.DebugDiscovery.runOrTestFile(DebugDiscovery.scala:256)
	at scala.meta.internal.metals.debug.DebugDiscovery.$anonfun$debugDiscovery$1(DebugDiscovery.scala:176)
	at scala.concurrent.impl.Promise$Transformation.run(Promise.scala:470)
	at java.util.concurrent.ThreadPoolExecutor.runWorker(ThreadPoolExecutor.java:1136)
	at java.util.concurrent.ThreadPoolExecutor$Worker.run(ThreadPoolExecutor.java:635)
	at java.lang.Thread.run(Thread.java:840)

2025.05.19 21:05:10 ERROR scala.meta.internal.metals.debug.DiscoveryFailures$NoRunOptionException$: There is nothing to run or test in the current file.
	at scala.meta.internal.metals.debug.DiscoveryFailures$NoRunOptionException$.<clinit>(DiscoveryFailures.scala:62)
	at scala.meta.internal.metals.debug.DebugDiscovery.$anonfun$runOrTestFile$2(DebugDiscovery.scala:314)
	at scala.Option.fold(Option.scala:263)
	at scala.meta.internal.metals.debug.DebugDiscovery.runOrTestFile(DebugDiscovery.scala:256)
	at scala.meta.internal.metals.debug.DebugDiscovery.$anonfun$debugDiscovery$1(DebugDiscovery.scala:176)
	at scala.concurrent.impl.Promise$Transformation.run(Promise.scala:470)
	at java.util.concurrent.ThreadPoolExecutor.runWorker(ThreadPoolExecutor.java:1136)
	at java.util.concurrent.ThreadPoolExecutor$Worker.run(ThreadPoolExecutor.java:635)
	at java.lang.Thread.run(Thread.java:840)

2025.05.19 21:27:12 ERROR scala.meta.internal.metals.debug.DiscoveryFailures$NoRunOptionException$: There is nothing to run or test in the current file.
	at scala.meta.internal.metals.debug.DiscoveryFailures$NoRunOptionException$.<clinit>(DiscoveryFailures.scala:62)
	at scala.meta.internal.metals.debug.DebugDiscovery.$anonfun$runOrTestFile$2(DebugDiscovery.scala:314)
	at scala.Option.fold(Option.scala:263)
	at scala.meta.internal.metals.debug.DebugDiscovery.runOrTestFile(DebugDiscovery.scala:256)
	at scala.meta.internal.metals.debug.DebugDiscovery.$anonfun$debugDiscovery$1(DebugDiscovery.scala:176)
	at scala.concurrent.impl.Promise$Transformation.run(Promise.scala:470)
	at java.util.concurrent.ThreadPoolExecutor.runWorker(ThreadPoolExecutor.java:1136)
	at java.util.concurrent.ThreadPoolExecutor$Worker.run(ThreadPoolExecutor.java:635)
	at java.lang.Thread.run(Thread.java:840)

2025.05.19 21:27:12 ERROR scala.meta.internal.metals.debug.DiscoveryFailures$NoRunOptionException$: There is nothing to run or test in the current file.
	at scala.meta.internal.metals.debug.DiscoveryFailures$NoRunOptionException$.<clinit>(DiscoveryFailures.scala:62)
	at scala.meta.internal.metals.debug.DebugDiscovery.$anonfun$runOrTestFile$2(DebugDiscovery.scala:314)
	at scala.Option.fold(Option.scala:263)
	at scala.meta.internal.metals.debug.DebugDiscovery.runOrTestFile(DebugDiscovery.scala:256)
	at scala.meta.internal.metals.debug.DebugDiscovery.$anonfun$debugDiscovery$1(DebugDiscovery.scala:176)
	at scala.concurrent.impl.Promise$Transformation.run(Promise.scala:470)
	at java.util.concurrent.ThreadPoolExecutor.runWorker(ThreadPoolExecutor.java:1136)
	at java.util.concurrent.ThreadPoolExecutor$Worker.run(ThreadPoolExecutor.java:635)
	at java.lang.Thread.run(Thread.java:840)

2025.05.19 21:32:53 INFO  compiling v1 (1 scala source)
2025.05.19 21:32:53 INFO  time: compiled v1 in 1s
мая 19, 2025 9:40:33 PM org.eclipse.lsp4j.jsonrpc.RemoteEndpoint handleCancellation
WARNING: Unmatched cancel notification for request id 5187
мая 19, 2025 9:40:40 PM org.eclipse.lsp4j.jsonrpc.RemoteEndpoint handleCancellation
WARNING: Unmatched cancel notification for request id 5261
мая 19, 2025 9:40:40 PM org.eclipse.lsp4j.jsonrpc.RemoteEndpoint handleCancellation
WARNING: Unmatched cancel notification for request id 5262
мая 19, 2025 9:46:29 PM org.eclipse.lsp4j.jsonrpc.RemoteEndpoint handleCancellation
WARNING: Unmatched cancel notification for request id 5623
мая 19, 2025 9:46:37 PM org.eclipse.lsp4j.jsonrpc.RemoteEndpoint handleCancellation
WARNING: Unmatched cancel notification for request id 5705
мая 19, 2025 9:46:39 PM org.eclipse.lsp4j.jsonrpc.RemoteEndpoint handleCancellation
WARNING: Unmatched cancel notification for request id 5722
мая 19, 2025 9:48:43 PM org.eclipse.lsp4j.jsonrpc.RemoteEndpoint handleCancellation
WARNING: Unmatched cancel notification for request id 5872
2025.05.19 21:49:20 INFO  compiling v1 (2 scala sources)
2025.05.19 21:49:22 INFO  time: compiled v1 in 1.32s
2025.05.20 12:06:33 ERROR scala.meta.internal.metals.debug.DiscoveryFailures$NoRunOptionException$: There is nothing to run or test in the current file.
	at scala.meta.internal.metals.debug.DiscoveryFailures$NoRunOptionException$.<clinit>(DiscoveryFailures.scala:62)
	at scala.meta.internal.metals.debug.DebugDiscovery.$anonfun$runOrTestFile$2(DebugDiscovery.scala:314)
	at scala.Option.fold(Option.scala:263)
	at scala.meta.internal.metals.debug.DebugDiscovery.runOrTestFile(DebugDiscovery.scala:256)
	at scala.meta.internal.metals.debug.DebugDiscovery.$anonfun$debugDiscovery$1(DebugDiscovery.scala:176)
	at scala.concurrent.impl.Promise$Transformation.run(Promise.scala:470)
	at java.util.concurrent.ThreadPoolExecutor.runWorker(ThreadPoolExecutor.java:1136)
	at java.util.concurrent.ThreadPoolExecutor$Worker.run(ThreadPoolExecutor.java:635)
	at java.lang.Thread.run(Thread.java:840)

2025.05.20 12:06:33 ERROR scala.meta.internal.metals.debug.DiscoveryFailures$NoRunOptionException$: There is nothing to run or test in the current file.
	at scala.meta.internal.metals.debug.DiscoveryFailures$NoRunOptionException$.<clinit>(DiscoveryFailures.scala:62)
	at scala.meta.internal.metals.debug.DebugDiscovery.$anonfun$runOrTestFile$2(DebugDiscovery.scala:314)
	at scala.Option.fold(Option.scala:263)
	at scala.meta.internal.metals.debug.DebugDiscovery.runOrTestFile(DebugDiscovery.scala:256)
	at scala.meta.internal.metals.debug.DebugDiscovery.$anonfun$debugDiscovery$1(DebugDiscovery.scala:176)
	at scala.concurrent.impl.Promise$Transformation.run(Promise.scala:470)
	at java.util.concurrent.ThreadPoolExecutor.runWorker(ThreadPoolExecutor.java:1136)
	at java.util.concurrent.ThreadPoolExecutor$Worker.run(ThreadPoolExecutor.java:635)
	at java.lang.Thread.run(Thread.java:840)

2025.05.20 15:40:54 INFO  compiling v1 (1 scala source)
2025.05.20 15:40:56 INFO  time: compiled v1 in 1.49s
2025.05.20 15:45:11 INFO  compiling v1 (1 scala source)
2025.05.20 15:45:11 INFO  time: compiled v1 in 0.27s
мая 20, 2025 3:45:30 PM scala.meta.internal.metals.StdReporter $anonfun$create$1
WARNING: empty definition using pc, found symbol in pc:  (full report at: C:\Users\toorr\v1\.metals\.reports\metals-full\2025-05-19\r_empty-definition_(v1)_19-18-59-503.md)
2025.05.20 15:45:35 INFO  compiling v1 (2 scala sources)
2025.05.20 15:45:35 INFO  time: compiled v1 in 0.12s
2025.05.20 15:45:56 INFO  compiling v1 (2 scala sources)
2025.05.20 15:45:56 INFO  time: compiled v1 in 0.23s
2025.05.20 15:47:02 INFO  compiling v1 (2 scala sources)
2025.05.20 15:47:05 INFO  time: compiled v1 in 2.56s
2025.05.20 15:49:50 INFO  compiling v1 (1 scala source)
2025.05.20 15:49:52 WARN  Could not load snapshot text for C:\Users\toorr\v1\src\main\scala\MainApp.scala
2025.05.20 15:49:52 WARN  Could not load snapshot text for C:\Users\toorr\v1\src\main\scala\MainApp.scala
2025.05.20 15:49:53 INFO  time: compiled v1 in 2.66s
мая 20, 2025 3:54:59 PM scala.meta.internal.metals.StdReporter $anonfun$create$1
WARNING: empty definition using pc, found symbol in pc:  (full report at: C:\Users\toorr\v1\.metals\.reports\metals-full\2025-05-19\r_empty-definition_(v1)_19-23-08-206.md)
мая 20, 2025 3:56:30 PM scala.meta.internal.metals.StdReporter $anonfun$create$1
WARNING: scala.meta.internal.mtags.IndexingExceptions$InvalidSymbolException: . (full report at: C:\Users\toorr\v1\.metals\.reports\metals\2025-05-20\r_invalid-symbol_15-56-30-196.md)
2025.05.20 15:56:30 ERROR searching for `.` failed
java.lang.RuntimeException: invalid symbol format
.
^
	at scala.sys.package$.error(package.scala:27)
	at scala.meta.internal.semanticdb.Scala$DescriptorParser.fail(Scala.scala:162)
	at scala.meta.internal.semanticdb.Scala$DescriptorParser.readChar(Scala.scala:174)
	at scala.meta.internal.semanticdb.Scala$DescriptorParser.parseValue(Scala.scala:190)
	at scala.meta.internal.semanticdb.Scala$DescriptorParser.parseDescriptor(Scala.scala:209)
	at scala.meta.internal.semanticdb.Scala$DescriptorParser.entryPoint(Scala.scala:230)
	at scala.meta.internal.semanticdb.Scala$DescriptorParser$.apply(Scala.scala:238)
	at scala.meta.internal.semanticdb.Scala$ScalaSymbolOps$.owner$extension(Scala.scala:78)
	at scala.meta.internal.mtags.Symbol.toplevel(Symbol.scala:50)
	at scala.meta.internal.mtags.SymbolIndexBucket.query0(SymbolIndexBucket.scala:212)
	at scala.meta.internal.mtags.SymbolIndexBucket.query(SymbolIndexBucket.scala:189)
	at scala.meta.internal.mtags.OnDemandSymbolIndex.$anonfun$findSymbolDefinition$1(OnDemandSymbolIndex.scala:142)
	at scala.collection.immutable.List.flatMap(List.scala:294)
	at scala.meta.internal.mtags.OnDemandSymbolIndex.findSymbolDefinition(OnDemandSymbolIndex.scala:142)
	at scala.meta.internal.mtags.OnDemandSymbolIndex.definition(OnDemandSymbolIndex.scala:48)
	at scala.meta.internal.metals.FallbackDefinitionProvider.findInIndex$1(FallbackDefinitionProvider.scala:131)
	at scala.meta.internal.metals.FallbackDefinitionProvider.$anonfun$search$15(FallbackDefinitionProvider.scala:140)
	at scala.collection.immutable.List.flatMap(List.scala:294)
	at scala.meta.internal.metals.FallbackDefinitionProvider.$anonfun$search$3(FallbackDefinitionProvider.scala:140)
	at scala.Option.map(Option.scala:242)
	at scala.meta.internal.metals.FallbackDefinitionProvider.$anonfun$search$2(FallbackDefinitionProvider.scala:47)
	at scala.Option.flatMap(Option.scala:283)
	at scala.meta.internal.metals.FallbackDefinitionProvider.$anonfun$search$1(FallbackDefinitionProvider.scala:44)
	at scala.Option.flatMap(Option.scala:283)
	at scala.meta.internal.metals.FallbackDefinitionProvider.search(FallbackDefinitionProvider.scala:43)
	at scala.meta.internal.metals.DefinitionProvider.fromFallback$1(DefinitionProvider.scala:126)
	at scala.meta.internal.metals.DefinitionProvider.$anonfun$definition$13(DefinitionProvider.scala:143)
	at scala.meta.internal.metals.DefinitionProvider.$anonfun$definition$15(DefinitionProvider.scala:150)
	at scala.concurrent.impl.Promise$Transformation.run(Promise.scala:470)
	at java.util.concurrent.ThreadPoolExecutor.runWorker(ThreadPoolExecutor.java:1136)
	at java.util.concurrent.ThreadPoolExecutor$Worker.run(ThreadPoolExecutor.java:635)
	at java.lang.Thread.run(Thread.java:840)

мая 20, 2025 3:56:30 PM scala.meta.internal.metals.StdReporter $anonfun$create$1
WARNING: scala.meta.internal.mtags.IndexingExceptions$InvalidSymbolException: # (full report at: C:\Users\toorr\v1\.metals\.reports\metals\2025-05-20\r_invalid-symbol_15-56-30-211.md)
2025.05.20 15:56:30 ERROR searching for `#` failed
java.lang.RuntimeException: invalid symbol format
#
^
	at scala.sys.package$.error(package.scala:27)
	at scala.meta.internal.semanticdb.Scala$DescriptorParser.fail(Scala.scala:162)
	at scala.meta.internal.semanticdb.Scala$DescriptorParser.readChar(Scala.scala:174)
	at scala.meta.internal.semanticdb.Scala$DescriptorParser.parseValue(Scala.scala:190)
	at scala.meta.internal.semanticdb.Scala$DescriptorParser.parseDescriptor(Scala.scala:212)
	at scala.meta.internal.semanticdb.Scala$DescriptorParser.entryPoint(Scala.scala:230)
	at scala.meta.internal.semanticdb.Scala$DescriptorParser$.apply(Scala.scala:238)
	at scala.meta.internal.semanticdb.Scala$ScalaSymbolOps$.owner$extension(Scala.scala:78)
	at scala.meta.internal.mtags.Symbol.toplevel(Symbol.scala:50)
	at scala.meta.internal.mtags.SymbolIndexBucket.query0(SymbolIndexBucket.scala:212)
	at scala.meta.internal.mtags.SymbolIndexBucket.query(SymbolIndexBucket.scala:189)
	at scala.meta.internal.mtags.OnDemandSymbolIndex.$anonfun$findSymbolDefinition$1(OnDemandSymbolIndex.scala:142)
	at scala.collection.immutable.List.flatMap(List.scala:294)
	at scala.meta.internal.mtags.OnDemandSymbolIndex.findSymbolDefinition(OnDemandSymbolIndex.scala:142)
	at scala.meta.internal.mtags.OnDemandSymbolIndex.definition(OnDemandSymbolIndex.scala:48)
	at scala.meta.internal.metals.FallbackDefinitionProvider.findInIndex$1(FallbackDefinitionProvider.scala:131)
	at scala.meta.internal.metals.FallbackDefinitionProvider.$anonfun$search$15(FallbackDefinitionProvider.scala:140)
	at scala.collection.immutable.List.flatMap(List.scala:294)
	at scala.meta.internal.metals.FallbackDefinitionProvider.$anonfun$search$3(FallbackDefinitionProvider.scala:140)
	at scala.Option.map(Option.scala:242)
	at scala.meta.internal.metals.FallbackDefinitionProvider.$anonfun$search$2(FallbackDefinitionProvider.scala:47)
	at scala.Option.flatMap(Option.scala:283)
	at scala.meta.internal.metals.FallbackDefinitionProvider.$anonfun$search$1(FallbackDefinitionProvider.scala:44)
	at scala.Option.flatMap(Option.scala:283)
	at scala.meta.internal.metals.FallbackDefinitionProvider.search(FallbackDefinitionProvider.scala:43)
	at scala.meta.internal.metals.DefinitionProvider.fromFallback$1(DefinitionProvider.scala:126)
	at scala.meta.internal.metals.DefinitionProvider.$anonfun$definition$13(DefinitionProvider.scala:143)
	at scala.meta.internal.metals.DefinitionProvider.$anonfun$definition$15(DefinitionProvider.scala:150)
	at scala.concurrent.impl.Promise$Transformation.run(Promise.scala:470)
	at java.util.concurrent.ThreadPoolExecutor.runWorker(ThreadPoolExecutor.java:1136)
	at java.util.concurrent.ThreadPoolExecutor$Worker.run(ThreadPoolExecutor.java:635)
	at java.lang.Thread.run(Thread.java:840)

мая 20, 2025 3:56:30 PM scala.meta.internal.metals.StdReporter $anonfun$create$1
WARNING: scala.meta.internal.mtags.IndexingExceptions$InvalidSymbolException: (). (full report at: C:\Users\toorr\v1\.metals\.reports\metals\2025-05-20\r_invalid-symbol_15-56-30-220.md)
2025.05.20 15:56:30 ERROR searching for `().` failed
java.lang.RuntimeException: invalid symbol format
().
^
	at scala.sys.package$.error(package.scala:27)
	at scala.meta.internal.semanticdb.Scala$DescriptorParser.fail(Scala.scala:162)
	at scala.meta.internal.semanticdb.Scala$DescriptorParser.readChar(Scala.scala:174)
	at scala.meta.internal.semanticdb.Scala$DescriptorParser.parseValue(Scala.scala:190)
	at scala.meta.internal.semanticdb.Scala$DescriptorParser.parseDescriptor(Scala.scala:207)
	at scala.meta.internal.semanticdb.Scala$DescriptorParser.entryPoint(Scala.scala:230)
	at scala.meta.internal.semanticdb.Scala$DescriptorParser$.apply(Scala.scala:238)
	at scala.meta.internal.semanticdb.Scala$ScalaSymbolOps$.owner$extension(Scala.scala:78)
	at scala.meta.internal.mtags.Symbol.toplevel(Symbol.scala:50)
	at scala.meta.internal.mtags.SymbolIndexBucket.query0(SymbolIndexBucket.scala:212)
	at scala.meta.internal.mtags.SymbolIndexBucket.query(SymbolIndexBucket.scala:189)
	at scala.meta.internal.mtags.OnDemandSymbolIndex.$anonfun$findSymbolDefinition$1(OnDemandSymbolIndex.scala:142)
	at scala.collection.immutable.List.flatMap(List.scala:294)
	at scala.meta.internal.mtags.OnDemandSymbolIndex.findSymbolDefinition(OnDemandSymbolIndex.scala:142)
	at scala.meta.internal.mtags.OnDemandSymbolIndex.definition(OnDemandSymbolIndex.scala:48)
	at scala.meta.internal.metals.FallbackDefinitionProvider.findInIndex$1(FallbackDefinitionProvider.scala:131)
	at scala.meta.internal.metals.FallbackDefinitionProvider.$anonfun$search$15(FallbackDefinitionProvider.scala:140)
	at scala.collection.immutable.List.flatMap(List.scala:294)
	at scala.meta.internal.metals.FallbackDefinitionProvider.$anonfun$search$3(FallbackDefinitionProvider.scala:140)
	at scala.Option.map(Option.scala:242)
	at scala.meta.internal.metals.FallbackDefinitionProvider.$anonfun$search$2(FallbackDefinitionProvider.scala:47)
	at scala.Option.flatMap(Option.scala:283)
	at scala.meta.internal.metals.FallbackDefinitionProvider.$anonfun$search$1(FallbackDefinitionProvider.scala:44)
	at scala.Option.flatMap(Option.scala:283)
	at scala.meta.internal.metals.FallbackDefinitionProvider.search(FallbackDefinitionProvider.scala:43)
	at scala.meta.internal.metals.DefinitionProvider.fromFallback$1(DefinitionProvider.scala:126)
	at scala.meta.internal.metals.DefinitionProvider.$anonfun$definition$13(DefinitionProvider.scala:143)
	at scala.meta.internal.metals.DefinitionProvider.$anonfun$definition$15(DefinitionProvider.scala:150)
	at scala.concurrent.impl.Promise$Transformation.run(Promise.scala:470)
	at java.util.concurrent.ThreadPoolExecutor.runWorker(ThreadPoolExecutor.java:1136)
	at java.util.concurrent.ThreadPoolExecutor$Worker.run(ThreadPoolExecutor.java:635)
	at java.lang.Thread.run(Thread.java:840)

2025.05.20 15:56:30 INFO  compiling v1 (1 scala source)
2025.05.20 15:56:30 WARN  Could not find 'trim' using presentation compiler nor semanticdb. Trying to guess the definition using available information from local class context. 
мая 20, 2025 3:56:30 PM scala.meta.internal.metals.StdReporter $anonfun$create$1
WARNING: empty definition using pc, found symbol in pc:  (full report at: C:\Users\toorr\v1\.metals\.reports\metals-full\2025-05-19\r_empty-definition_(v1)_19-23-08-206.md)
2025.05.20 15:56:33 INFO  time: compiled v1 in 3.05s
2025.05.20 15:56:33 INFO  compiling v1 (1 scala source)
2025.05.20 15:56:33 INFO  time: compiled v1 in 0.66s
2025.05.20 15:56:42 INFO  compiling v1 (1 scala source)
2025.05.20 15:56:43 INFO  time: compiled v1 in 1.21s
мая 20, 2025 6:10:44 PM org.eclipse.lsp4j.jsonrpc.RemoteEndpoint handleCancellation
WARNING: Unmatched cancel notification for request id 6548
2025.05.20 18:11:03 INFO  compiling v1 (1 scala source)
2025.05.20 18:11:04 INFO  time: compiled v1 in 1.63s
2025.05.20 18:11:13 INFO  compiling v1 (1 scala source)
2025.05.20 18:11:14 INFO  time: compiled v1 in 1.01s
2025.05.20 18:11:26 INFO  compiling v1 (1 scala source)
2025.05.20 18:11:27 INFO  time: compiled v1 in 1.01s
мая 20, 2025 6:14:43 PM org.eclipse.lsp4j.jsonrpc.RemoteEndpoint handleCancellation
WARNING: Unmatched cancel notification for request id 6952
2025.05.20 18:15:51 INFO  compiling v1 (1 scala source)
2025.05.20 18:15:52 INFO  time: compiled v1 in 1.15s
2025.05.20 18:15:56 INFO  compiling v1 (1 scala source)
2025.05.20 18:15:57 INFO  time: compiled v1 in 1.04s
2025.05.20 18:16:51 INFO  compiling v1 (1 scala source)
2025.05.20 18:16:52 INFO  time: compiled v1 in 1.03s
2025.05.20 18:18:24 INFO  running 'C:\Users\toorr\AppData\Local\Coursier\cache\arc\https\github.com\adoptium\temurin17-binaries\releases\download\jdk-17.0.13%252B11\OpenJDK17U-jdk_x64_windows_hotspot_17.0.13_11.zip\jdk-17.0.13+11\bin\java.exe -Djline.terminal=jline.UnsupportedTerminal -Dsbt.log.noformat=true -Dfile.encoding=UTF-8 -jar C:\Users\toorr\AppData\Local\Temp\metals7262561529931828646\sbt-launch.jar -Dbloop.export-jar-classifiers=sources bloopInstall'
2025.05.20 18:18:37 INFO  [info] welcome to sbt 1.10.11 (Eclipse Adoptium Java 17.0.13)
2025.05.20 18:18:37 INFO  [info] loading settings for project v1-build-build from metals.sbt...
2025.05.20 18:18:39 INFO  [info] loading project definition from C:\Users\toorr\v1\project\project
2025.05.20 18:18:40 INFO  [info] loading settings for project v1-build from metals.sbt...
2025.05.20 18:18:40 INFO  [info] loading project definition from C:\Users\toorr\v1\project
2025.05.20 18:18:51 INFO  [success] Generated .bloop\v1-build.json
2025.05.20 18:18:51 INFO  [success] Total time: 11 s, completed 20 РјР°СЏ 2025 Рі., 18:18:51
2025.05.20 18:18:54 INFO  [info] loading settings for project v1 from build.sbt...
2025.05.20 18:18:54 INFO  [info] set current project to StudentPubRecommender (in build file:/C:/Users/toorr/v1/)
2025.05.20 18:19:05 INFO  [success] Generated .bloop\v1-test.json
2025.05.20 18:19:05 INFO  [success] Generated .bloop\v1.json
2025.05.20 18:19:05 INFO  [success] Total time: 10 s, completed 20 РјР°СЏ 2025 Рі., 18:19:05
2025.05.20 18:19:05 INFO  time: ran 'sbt bloopInstall' in 41s
2025.05.20 18:19:05 INFO  Disconnecting from Bloop session...
2025.05.20 18:19:05 INFO  Shut down connection with build server.
2025.05.20 18:19:05 INFO  Shut down connection with build server.
2025.05.20 18:19:05 INFO  Attempting to connect to the build server...
2025.05.20 18:19:05 INFO  Found a Bloop server running
2025.05.20 18:19:05 INFO  tracing is disabled for protocol BSP, to enable tracing of incoming and outgoing JSON messages create an empty file at C:\Users\toorr\v1\.metals\bsp.trace.json or C:\Users\toorr\AppData\Local\scalameta\metals\cache\bsp.trace.json
2025.05.20 18:19:07 INFO  Attempting to connect to the build server...
2025.05.20 18:19:07 INFO  Found a Bloop server running
2025.05.20 18:19:07 INFO  tracing is disabled for protocol BSP, to enable tracing of incoming and outgoing JSON messages create an empty file at C:\Users\toorr\v1\project\.metals\bsp.trace.json or C:\Users\toorr\AppData\Local\scalameta\metals\cache\bsp.trace.json
2025.05.20 18:19:07 INFO  time: Connected to build server in 1.92s
2025.05.20 18:19:07 INFO  Connected to Build server: Bloop v2.0.10
2025.05.20 18:19:10 INFO  compiling v1 (9 scala sources)
2025.05.20 18:19:14 INFO  time: compiled v1 in 3.91s
2025.05.20 18:19:18 INFO  compiling v1 (1 scala source)
2025.05.20 18:19:18 INFO  time: compiled v1 in 0.81s
2025.05.20 18:19:26 INFO  time: indexed workspace in 18s
2025.05.20 18:19:42 INFO  compiling v1 (1 scala source)
2025.05.20 18:19:42 INFO  time: compiled v1 in 0.4s
2025.05.20 18:19:46 INFO  compiling v1 (1 scala source)
2025.05.20 18:19:48 INFO  time: compiled v1 in 1.56s
2025.05.20 18:19:59 INFO  compiling v1 (1 scala source)
2025.05.20 18:20:00 INFO  time: compiled v1 in 1.21s
2025.05.20 18:20:00 INFO  compiling v1 (1 scala source)
2025.05.20 18:20:00 INFO  time: compiled v1 in 0.3s
2025.05.20 18:20:12 INFO  compiling v1 (2 scala sources)
2025.05.20 18:20:13 INFO  time: compiled v1 in 1.41s
2025.05.20 18:20:13 INFO  compiling v1 (1 scala source)
2025.05.20 18:20:13 INFO  time: compiled v1 in 0.23s
2025.05.20 18:20:17 INFO  compiling v1 (2 scala sources)
2025.05.20 18:20:17 INFO  time: compiled v1 in 0.18s
2025.05.20 18:20:27 INFO  compiling v1 (3 scala sources)
2025.05.20 18:20:27 INFO  time: compiled v1 in 0.18s
мая 20, 2025 6:21:24 PM scala.meta.internal.metals.StdReporter $anonfun$create$1
WARNING: empty definition using pc, found symbol in pc:  (full report at: C:\Users\toorr\v1\.metals\.reports\metals-full\2025-05-20\r_empty-definition_(v1)_18-21-24-327.md)
2025.05.20 18:21:25 INFO  compiling v1 (3 scala sources)
2025.05.20 18:21:25 INFO  time: compiled v1 in 0.13s
2025.05.20 18:21:38 INFO  compiling v1 (3 scala sources)
2025.05.20 18:21:38 INFO  time: compiled v1 in 0.14s
2025.05.20 18:21:40 INFO  compiling v1 (3 scala sources)
2025.05.20 18:21:40 INFO  time: compiled v1 in 0.12s
2025.05.20 18:27:09 INFO  compiling v1 (3 scala sources)
2025.05.20 18:27:09 INFO  time: compiled v1 in 0.57s
2025.05.20 18:28:18 INFO  compiling v1 (4 scala sources)
2025.05.20 18:28:18 INFO  time: compiled v1 in 0.44s
2025.05.20 18:28:34 INFO  compiling v1 (5 scala sources)
2025.05.20 18:28:34 INFO  time: compiled v1 in 0.21s
2025.05.20 18:28:46 INFO  compiling v1 (5 scala sources)
2025.05.20 18:28:46 INFO  time: compiled v1 in 0.18s
2025.05.20 18:28:59 INFO  compiling v1 (5 scala sources)
2025.05.20 18:28:59 INFO  time: compiled v1 in 0.13s
2025.05.20 18:29:10 INFO  compiling v1 (5 scala sources)
2025.05.20 18:29:10 INFO  time: compiled v1 in 0.12s
2025.05.20 18:30:21 INFO  compiling v1 (5 scala sources)
2025.05.20 18:30:21 INFO  time: compiled v1 in 0.17s
2025.05.20 18:31:20 INFO  file:///C:/Users/toorr/v1/src/main/scala/service/Repository.scala:4:1: stale bloop error: Repository is already defined as trait Repository
> trait Repository[F[_], A] {
>   def load(resource: String): F[List[A]]
>   def save(resource: String, items: List[A]): F[Unit]
> }
2025.05.20 18:31:22 INFO  compiling v1 (5 scala sources)
2025.05.20 18:31:22 INFO  time: compiled v1 in 0.82s
2025.05.20 18:31:53 INFO  compiling v1 (5 scala sources)
2025.05.20 18:31:53 INFO  time: compiled v1 in 0.12s
2025.05.20 18:33:18 INFO  compiling v1 (5 scala sources)
2025.05.20 18:33:18 INFO  time: compiled v1 in 0.95s
2025.05.20 18:33:30 INFO  compiling v1 (5 scala sources)
2025.05.20 18:33:30 INFO  time: compiled v1 in 0.37s
2025.05.20 18:33:38 INFO  compiling v1 (5 scala sources)
2025.05.20 18:33:38 INFO  time: compiled v1 in 0.43s
мая 20, 2025 6:33:47 PM scala.meta.internal.metals.StdReporter $anonfun$create$1
WARNING: empty definition using pc, found symbol in pc:  (full report at: C:\Users\toorr\v1\.metals\.reports\metals-full\2025-05-19\r_empty-definition_(v1)_19-18-59-503.md)
2025.05.20 18:33:47 INFO  compiling v1 (5 scala sources)
2025.05.20 18:33:47 INFO  time: compiled v1 in 0.46s
2025.05.20 18:35:29 INFO  compiling v1 (5 scala sources)
2025.05.20 18:35:30 INFO  time: compiled v1 in 1.11s
2025.05.20 18:35:38 INFO  compiling v1 (5 scala sources)
2025.05.20 18:35:38 INFO  time: compiled v1 in 0.32s
2025.05.20 18:35:47 INFO  compiling v1 (5 scala sources)
2025.05.20 18:35:47 INFO  time: compiled v1 in 0.29s
2025.05.20 18:35:55 INFO  compiling v1 (5 scala sources)
2025.05.20 18:35:55 INFO  time: compiled v1 in 0.46s
2025.05.20 18:38:15 INFO  compiling v1 (5 scala sources)
2025.05.20 18:38:17 INFO  time: compiled v1 in 2.18s
2025.05.20 18:41:41 INFO  compiling v1 (1 scala source)
2025.05.20 18:41:41 INFO  time: compiled v1 in 0.41s
мая 20, 2025 6:41:45 PM scala.meta.internal.pc.CompilerAccess retryWithCleanCompiler
INFO: compiler crashed due to an error in the Scala compiler, retrying with new compiler instance.
мая 20, 2025 6:41:46 PM scala.meta.internal.pc.CompilerAccess handleError
SEVERE: A severe compiler error occurred, full details of the error can be found in the error report C:\Users\toorr\v1\.metals\.reports\metals-full\2025-05-20\r_compiler-error_(v1)_18-41-46-154.md
мая 20, 2025 6:43:17 PM scala.meta.internal.pc.CompilerAccess retryWithCleanCompiler
INFO: compiler crashed due to an error in the Scala compiler, retrying with new compiler instance.
мая 20, 2025 6:43:17 PM scala.meta.internal.pc.CompilerAccess handleError
SEVERE: A severe compiler error occurred, full details of the error can be found in the error report C:\Users\toorr\v1\.metals\.reports\metals-full\2025-05-20\r_compiler-error_(v1)_18-43-17-378.md
мая 20, 2025 6:43:17 PM scala.meta.internal.pc.CompilerAccess retryWithCleanCompiler
INFO: compiler crashed due to an error in the Scala compiler, retrying with new compiler instance.
мая 20, 2025 6:43:17 PM scala.meta.internal.pc.CompilerAccess handleError
SEVERE: A severe compiler error occurred, full details of the error can be found in the error report C:\Users\toorr\v1\.metals\.reports\metals-full\2025-05-20\r_compiler-error_(v1)_18-43-17-691.md
мая 20, 2025 6:43:17 PM scala.meta.internal.pc.CompilerAccess retryWithCleanCompiler
INFO: compiler crashed due to an error in the Scala compiler, retrying with new compiler instance.
мая 20, 2025 6:43:17 PM scala.meta.internal.pc.CompilerAccess handleError
SEVERE: A severe compiler error occurred, full details of the error can be found in the error report C:\Users\toorr\v1\.metals\.reports\metals-full\2025-05-20\r_compiler-error_(v1)_18-43-17-969.md
мая 20, 2025 6:43:18 PM scala.meta.internal.pc.CompilerAccess retryWithCleanCompiler
INFO: compiler crashed due to an error in the Scala compiler, retrying with new compiler instance.
мая 20, 2025 6:43:18 PM scala.meta.internal.pc.CompilerAccess handleError
SEVERE: A severe compiler error occurred, full details of the error can be found in the error report C:\Users\toorr\v1\.metals\.reports\metals-full\2025-05-20\r_compiler-error_(v1)_18-43-18-370.md
мая 20, 2025 6:43:18 PM scala.meta.internal.pc.CompilerAccess retryWithCleanCompiler
INFO: compiler crashed due to an error in the Scala compiler, retrying with new compiler instance.
мая 20, 2025 6:43:18 PM scala.meta.internal.pc.CompilerAccess handleError
SEVERE: A severe compiler error occurred, full details of the error can be found in the error report C:\Users\toorr\v1\.metals\.reports\metals-full\2025-05-20\r_compiler-error_(v1)_18-43-18-627.md
мая 20, 2025 6:43:18 PM scala.meta.internal.pc.CompilerAccess retryWithCleanCompiler
INFO: compiler crashed due to an error in the Scala compiler, retrying with new compiler instance.
мая 20, 2025 6:43:19 PM scala.meta.internal.pc.CompilerAccess handleError
SEVERE: A severe compiler error occurred, full details of the error can be found in the error report C:\Users\toorr\v1\.metals\.reports\metals-full\2025-05-20\r_compiler-error_(v1)_18-43-19-187.md
2025.05.20 18:43:19 WARN  Could not find semantic tokens for: file:///C:/Users/toorr/v1/src/main/scala/MainApp.scala
2025.05.20 18:43:19 INFO  compiling v1 (1 scala source)
2025.05.20 18:43:19 INFO  time: compiled v1 in 0.44s
2025.05.20 18:44:58 INFO  compiling v1 (1 scala source)
2025.05.20 18:45:01 INFO  time: compiled v1 in 3.53s
мая 20, 2025 6:47:57 PM org.eclipse.lsp4j.jsonrpc.services.GenericEndpoint notify
INFO: Unsupported notification method: $/setTrace
мая 20, 2025 6:47:57 PM org.eclipse.lsp4j.jsonrpc.services.GenericEndpoint notify
INFO: Unsupported notification method: $/setTrace
2025.05.20 18:52:03 INFO  compiling v1 (1 scala source)
2025.05.20 18:52:03 INFO  time: compiled v1 in 0.18s
2025.05.20 18:52:29 INFO  compiling v1 (1 scala source)
2025.05.20 18:52:32 INFO  time: compiled v1 in 2.53s
мая 20, 2025 7:07:07 PM scala.meta.internal.metals.StdReporter $anonfun$create$1
WARNING: Unexpected error when copying <WORKSPACE>\src\main\resources\professors.csv to <WORKSPACE>\.bloop\v1... (full report at: C:\Users\toorr\v1\.metals\.reports\bloop\2025-05-20\r_Unexpected error whe..._19-07-07-530.md)
2025.05.20 19:09:22 INFO  compiling v1 (1 scala source)
2025.05.20 19:09:22 INFO  time: compiled v1 in 0.96s
2025.05.20 19:09:22 INFO  compiling v1 (1 scala source)
2025.05.20 19:09:23 INFO  time: compiled v1 in 0.22s
2025.05.20 19:09:23 WARN  Could not load snapshot text for C:\Users\toorr\v1\src\main\scala\service\CsvRepository.scala
2025.05.20 19:09:30 INFO  compiling v1 (2 scala sources)
2025.05.20 19:09:30 INFO  time: compiled v1 in 0.91s
2025.05.20 19:09:30 INFO  compiling v1 (1 scala source)
2025.05.20 19:09:31 INFO  time: compiled v1 in 0.2s
2025.05.20 19:09:37 INFO  compiling v1 (3 scala sources)
2025.05.20 19:09:37 INFO  time: compiled v1 in 1s
2025.05.20 19:09:37 INFO  compiling v1 (1 scala source)
2025.05.20 19:09:38 INFO  time: compiled v1 in 0.2s
мая 20, 2025 7:11:10 PM scala.meta.internal.pc.CompilerAccess retryWithCleanCompiler
INFO: compiler crashed due to an error in the Scala compiler, retrying with new compiler instance.
мая 20, 2025 7:11:10 PM scala.meta.internal.pc.CompilerAccess handleError
SEVERE: A severe compiler error occurred, full details of the error can be found in the error report C:\Users\toorr\v1\.metals\.reports\metals-full\2025-05-20\r_compiler-error_(v1)_19-11-10-562.md
мая 20, 2025 7:11:10 PM scala.meta.internal.pc.CompilerAccess retryWithCleanCompiler
INFO: compiler crashed due to an error in the Scala compiler, retrying with new compiler instance.
мая 20, 2025 7:11:10 PM scala.meta.internal.pc.CompilerAccess handleError
SEVERE: A severe compiler error occurred, full details of the error can be found in the error report C:\Users\toorr\v1\.metals\.reports\metals-full\2025-05-20\r_compiler-error_(v1)_19-11-10-847.md
мая 20, 2025 7:11:10 PM scala.meta.internal.pc.CompilerAccess retryWithCleanCompiler
INFO: compiler crashed due to an error in the Scala compiler, retrying with new compiler instance.
мая 20, 2025 7:11:11 PM scala.meta.internal.pc.CompilerAccess handleError
SEVERE: A severe compiler error occurred, full details of the error can be found in the error report C:\Users\toorr\v1\.metals\.reports\metals-full\2025-05-20\r_compiler-error_(v1)_19-11-11-101.md
мая 20, 2025 7:11:11 PM scala.meta.internal.pc.CompilerAccess retryWithCleanCompiler
INFO: compiler crashed due to an error in the Scala compiler, retrying with new compiler instance.
мая 20, 2025 7:11:11 PM scala.meta.internal.pc.CompilerAccess handleError
SEVERE: A severe compiler error occurred, full details of the error can be found in the error report C:\Users\toorr\v1\.metals\.reports\metals-full\2025-05-20\r_compiler-error_(v1)_19-11-11-325.md
2025.05.20 19:11:13 INFO  compiling v1 (4 scala sources)
2025.05.20 19:11:13 INFO  time: compiled v1 in 0.5s
мая 20, 2025 7:11:14 PM scala.meta.internal.pc.CompilerAccess retryWithCleanCompiler
INFO: compiler crashed due to an error in the Scala compiler, retrying with new compiler instance.
мая 20, 2025 7:11:14 PM scala.meta.internal.pc.CompilerAccess retryWithCleanCompiler
INFO: compiler crashed due to an error in the Scala compiler, retrying with new compiler instance.
мая 20, 2025 7:11:14 PM scala.meta.internal.pc.CompilerAccess handleError
SEVERE: A severe compiler error occurred, full details of the error can be found in the error report C:\Users\toorr\v1\.metals\.reports\metals-full\2025-05-20\r_compiler-error_(v1)_19-11-14-986.md
мая 20, 2025 7:11:15 PM scala.meta.internal.pc.CompilerAccess retryWithCleanCompiler
INFO: compiler crashed due to an error in the Scala compiler, retrying with new compiler instance.
мая 20, 2025 7:11:15 PM scala.meta.internal.pc.CompilerAccess handleError
SEVERE: A severe compiler error occurred, full details of the error can be found in the error report C:\Users\toorr\v1\.metals\.reports\metals-full\2025-05-20\r_compiler-error_(v1)_19-11-15-134.md
мая 20, 2025 7:11:15 PM scala.meta.internal.pc.CompilerAccess retryWithCleanCompiler
INFO: compiler crashed due to an error in the Scala compiler, retrying with new compiler instance.
мая 20, 2025 7:11:15 PM scala.meta.internal.pc.CompilerAccess handleError
SEVERE: A severe compiler error occurred, full details of the error can be found in the error report C:\Users\toorr\v1\.metals\.reports\metals-full\2025-05-20\r_compiler-error_(v1)_19-11-15-270.md
мая 20, 2025 7:11:15 PM scala.meta.internal.pc.CompilerAccess retryWithCleanCompiler
INFO: compiler crashed due to an error in the Scala compiler, retrying with new compiler instance.
мая 20, 2025 7:11:15 PM scala.meta.internal.pc.CompilerAccess handleError
SEVERE: A severe compiler error occurred, full details of the error can be found in the error report C:\Users\toorr\v1\.metals\.reports\metals-full\2025-05-20\r_compiler-error_(v1)_19-11-15-495.md
мая 20, 2025 7:11:18 PM scala.meta.internal.pc.CompilerAccess retryWithCleanCompiler
INFO: compiler crashed due to an error in the Scala compiler, retrying with new compiler instance.
мая 20, 2025 7:11:29 PM org.eclipse.lsp4j.jsonrpc.RemoteEndpoint handleCancellation
WARNING: Unmatched cancel notification for request id 10211
мая 20, 2025 7:11:34 PM scala.meta.internal.pc.CompilerAccess retryWithCleanCompiler
INFO: compiler crashed due to an error in the Scala compiler, retrying with new compiler instance.
мая 20, 2025 7:11:34 PM scala.meta.internal.pc.CompilerAccess retryWithCleanCompiler
INFO: compiler crashed due to an error in the Scala compiler, retrying with new compiler instance.
мая 20, 2025 7:11:34 PM scala.meta.internal.pc.CompilerAccess handleError
SEVERE: A severe compiler error occurred, full details of the error can be found in the error report C:\Users\toorr\v1\.metals\.reports\metals-full\2025-05-20\r_compiler-error_(v1)_19-11-34-735.md
мая 20, 2025 7:11:34 PM scala.meta.internal.pc.CompilerAccess retryWithCleanCompiler
INFO: compiler crashed due to an error in the Scala compiler, retrying with new compiler instance.
мая 20, 2025 7:11:35 PM scala.meta.internal.pc.CompilerAccess retryWithCleanCompiler
INFO: compiler crashed due to an error in the Scala compiler, retrying with new compiler instance.
мая 20, 2025 7:11:35 PM scala.meta.internal.pc.CompilerAccess handleError
SEVERE: A severe compiler error occurred, full details of the error can be found in the error report C:\Users\toorr\v1\.metals\.reports\metals-full\2025-05-20\r_compiler-error_(v1)_19-11-35-402.md
мая 20, 2025 7:11:35 PM scala.meta.internal.pc.CompilerAccess retryWithCleanCompiler
INFO: compiler crashed due to an error in the Scala compiler, retrying with new compiler instance.
мая 20, 2025 7:11:35 PM scala.meta.internal.pc.CompilerAccess handleError
SEVERE: A severe compiler error occurred, full details of the error can be found in the error report C:\Users\toorr\v1\.metals\.reports\metals-full\2025-05-20\r_compiler-error_(v1)_19-11-35-542.md
мая 20, 2025 7:11:36 PM scala.meta.internal.pc.CompilerAccess retryWithCleanCompiler
INFO: compiler crashed due to an error in the Scala compiler, retrying with new compiler instance.
мая 20, 2025 7:11:36 PM scala.meta.internal.pc.CompilerAccess retryWithCleanCompiler
INFO: compiler crashed due to an error in the Scala compiler, retrying with new compiler instance.
мая 20, 2025 7:11:36 PM scala.meta.internal.pc.CompilerAccess handleError
SEVERE: A severe compiler error occurred, full details of the error can be found in the error report C:\Users\toorr\v1\.metals\.reports\metals-full\2025-05-20\r_compiler-error_(v1)_19-11-36-649.md
мая 20, 2025 7:11:36 PM scala.meta.internal.pc.CompilerAccess retryWithCleanCompiler
INFO: compiler crashed due to an error in the Scala compiler, retrying with new compiler instance.
мая 20, 2025 7:11:36 PM scala.meta.internal.pc.CompilerAccess handleError
SEVERE: A severe compiler error occurred, full details of the error can be found in the error report C:\Users\toorr\v1\.metals\.reports\metals-full\2025-05-20\r_compiler-error_(v1)_19-11-36-826.md
мая 20, 2025 7:11:36 PM scala.meta.internal.pc.CompilerAccess retryWithCleanCompiler
INFO: compiler crashed due to an error in the Scala compiler, retrying with new compiler instance.
мая 20, 2025 7:11:36 PM scala.meta.internal.pc.CompilerAccess handleError
SEVERE: A severe compiler error occurred, full details of the error can be found in the error report C:\Users\toorr\v1\.metals\.reports\metals-full\2025-05-20\r_compiler-error_(v1)_19-11-36-980.md
мая 20, 2025 7:11:37 PM scala.meta.internal.pc.CompilerAccess retryWithCleanCompiler
INFO: compiler crashed due to an error in the Scala compiler, retrying with new compiler instance.
мая 20, 2025 7:11:37 PM scala.meta.internal.pc.CompilerAccess handleError
SEVERE: A severe compiler error occurred, full details of the error can be found in the error report C:\Users\toorr\v1\.metals\.reports\metals-full\2025-05-20\r_compiler-error_(v1)_19-11-37-205.md
мая 20, 2025 7:11:43 PM org.eclipse.lsp4j.jsonrpc.RemoteEndpoint handleCancellation
WARNING: Unmatched cancel notification for request id 10278
мая 20, 2025 7:11:49 PM scala.meta.internal.pc.CompilerAccess retryWithCleanCompiler
INFO: compiler crashed due to an error in the Scala compiler, retrying with new compiler instance.
мая 20, 2025 7:11:49 PM scala.meta.internal.pc.CompilerAccess retryWithCleanCompiler
INFO: compiler crashed due to an error in the Scala compiler, retrying with new compiler instance.
мая 20, 2025 7:11:49 PM scala.meta.internal.pc.CompilerAccess handleError
SEVERE: A severe compiler error occurred, full details of the error can be found in the error report C:\Users\toorr\v1\.metals\.reports\metals-full\2025-05-20\r_compiler-error_(v1)_19-11-49-711.md
мая 20, 2025 7:11:49 PM scala.meta.internal.pc.CompilerAccess retryWithCleanCompiler
INFO: compiler crashed due to an error in the Scala compiler, retrying with new compiler instance.
мая 20, 2025 7:11:49 PM scala.meta.internal.pc.CompilerAccess handleError
SEVERE: A severe compiler error occurred, full details of the error can be found in the error report C:\Users\toorr\v1\.metals\.reports\metals-full\2025-05-20\r_compiler-error_(v1)_19-11-49-844.md
мая 20, 2025 7:11:49 PM scala.meta.internal.pc.CompilerAccess retryWithCleanCompiler
INFO: compiler crashed due to an error in the Scala compiler, retrying with new compiler instance.
мая 20, 2025 7:11:49 PM scala.meta.internal.pc.CompilerAccess handleError
SEVERE: A severe compiler error occurred, full details of the error can be found in the error report C:\Users\toorr\v1\.metals\.reports\metals-full\2025-05-20\r_compiler-error_(v1)_19-11-49-972.md
мая 20, 2025 7:11:50 PM scala.meta.internal.pc.CompilerAccess retryWithCleanCompiler
INFO: compiler crashed due to an error in the Scala compiler, retrying with new compiler instance.
мая 20, 2025 7:11:50 PM scala.meta.internal.pc.CompilerAccess retryWithCleanCompiler
INFO: compiler crashed due to an error in the Scala compiler, retrying with new compiler instance.
мая 20, 2025 7:11:50 PM scala.meta.internal.pc.CompilerAccess handleError
SEVERE: A severe compiler error occurred, full details of the error can be found in the error report C:\Users\toorr\v1\.metals\.reports\metals-full\2025-05-20\r_compiler-error_(v1)_19-11-50-560.md
мая 20, 2025 7:11:50 PM scala.meta.internal.pc.CompilerAccess retryWithCleanCompiler
INFO: compiler crashed due to an error in the Scala compiler, retrying with new compiler instance.
мая 20, 2025 7:11:50 PM scala.meta.internal.pc.CompilerAccess handleError
SEVERE: A severe compiler error occurred, full details of the error can be found in the error report C:\Users\toorr\v1\.metals\.reports\metals-full\2025-05-20\r_compiler-error_(v1)_19-11-50-821.md
мая 20, 2025 7:11:51 PM scala.meta.internal.pc.CompilerAccess retryWithCleanCompiler
INFO: compiler crashed due to an error in the Scala compiler, retrying with new compiler instance.
мая 20, 2025 7:11:51 PM scala.meta.internal.pc.CompilerAccess handleError
SEVERE: A severe compiler error occurred, full details of the error can be found in the error report C:\Users\toorr\v1\.metals\.reports\metals-full\2025-05-20\r_compiler-error_(v1)_19-11-51-096.md
мая 20, 2025 7:11:51 PM scala.meta.internal.pc.CompilerAccess retryWithCleanCompiler
INFO: compiler crashed due to an error in the Scala compiler, retrying with new compiler instance.
мая 20, 2025 7:11:51 PM scala.meta.internal.pc.CompilerAccess handleError
SEVERE: A severe compiler error occurred, full details of the error can be found in the error report C:\Users\toorr\v1\.metals\.reports\metals-full\2025-05-20\r_compiler-error_(v1)_19-11-51-249.md
мая 20, 2025 7:11:51 PM scala.meta.internal.pc.CompilerAccess retryWithCleanCompiler
INFO: compiler crashed due to an error in the Scala compiler, retrying with new compiler instance.
мая 20, 2025 7:11:51 PM scala.meta.internal.pc.CompilerAccess handleError
SEVERE: A severe compiler error occurred, full details of the error can be found in the error report C:\Users\toorr\v1\.metals\.reports\metals-full\2025-05-20\r_compiler-error_(v1)_19-11-51-394.md
мая 20, 2025 7:11:51 PM scala.meta.internal.pc.CompilerAccess retryWithCleanCompiler
INFO: compiler crashed due to an error in the Scala compiler, retrying with new compiler instance.
мая 20, 2025 7:11:51 PM scala.meta.internal.pc.CompilerAccess handleError
SEVERE: A severe compiler error occurred, full details of the error can be found in the error report C:\Users\toorr\v1\.metals\.reports\metals-full\2025-05-20\r_compiler-error_(v1)_19-11-51-653.md
мая 20, 2025 7:11:54 PM scala.meta.internal.pc.CompilerAccess retryWithCleanCompiler
INFO: compiler crashed due to an error in the Scala compiler, retrying with new compiler instance.
мая 20, 2025 7:12:07 PM scala.meta.internal.pc.CompilerAccess retryWithCleanCompiler
INFO: compiler crashed due to an error in the Scala compiler, retrying with new compiler instance.
мая 20, 2025 7:12:07 PM scala.meta.internal.pc.CompilerAccess retryWithCleanCompiler
INFO: compiler crashed due to an error in the Scala compiler, retrying with new compiler instance.
мая 20, 2025 7:12:07 PM scala.meta.internal.pc.CompilerAccess handleError
SEVERE: A severe compiler error occurred, full details of the error can be found in the error report C:\Users\toorr\v1\.metals\.reports\metals-full\2025-05-20\r_compiler-error_(v1)_19-12-07-270.md
мая 20, 2025 7:12:07 PM scala.meta.internal.pc.CompilerAccess retryWithCleanCompiler
INFO: compiler crashed due to an error in the Scala compiler, retrying with new compiler instance.
мая 20, 2025 7:12:07 PM scala.meta.internal.pc.CompilerAccess handleError
SEVERE: A severe compiler error occurred, full details of the error can be found in the error report C:\Users\toorr\v1\.metals\.reports\metals-full\2025-05-20\r_compiler-error_(v1)_19-12-07-486.md
мая 20, 2025 7:12:07 PM scala.meta.internal.pc.CompilerAccess retryWithCleanCompiler
INFO: compiler crashed due to an error in the Scala compiler, retrying with new compiler instance.
мая 20, 2025 7:12:07 PM scala.meta.internal.pc.CompilerAccess handleError
SEVERE: A severe compiler error occurred, full details of the error can be found in the error report C:\Users\toorr\v1\.metals\.reports\metals-full\2025-05-20\r_compiler-error_(v1)_19-12-07-819.md
мая 20, 2025 7:12:07 PM scala.meta.internal.pc.CompilerAccess retryWithCleanCompiler
INFO: compiler crashed due to an error in the Scala compiler, retrying with new compiler instance.
мая 20, 2025 7:12:08 PM scala.meta.internal.pc.CompilerAccess handleError
SEVERE: A severe compiler error occurred, full details of the error can be found in the error report C:\Users\toorr\v1\.metals\.reports\metals-full\2025-05-20\r_compiler-error_(v1)_19-12-08-074.md
мая 20, 2025 7:12:08 PM scala.meta.internal.pc.CompilerAccess retryWithCleanCompiler
INFO: compiler crashed due to an error in the Scala compiler, retrying with new compiler instance.
мая 20, 2025 7:12:08 PM scala.meta.internal.pc.CompilerAccess handleError
SEVERE: A severe compiler error occurred, full details of the error can be found in the error report C:\Users\toorr\v1\.metals\.reports\metals-full\2025-05-20\r_compiler-error_(v1)_19-12-08-291.md
мая 20, 2025 7:12:08 PM scala.meta.internal.pc.CompilerAccess retryWithCleanCompiler
INFO: compiler crashed due to an error in the Scala compiler, retrying with new compiler instance.
мая 20, 2025 7:12:08 PM scala.meta.internal.pc.CompilerAccess handleError
SEVERE: A severe compiler error occurred, full details of the error can be found in the error report C:\Users\toorr\v1\.metals\.reports\metals-full\2025-05-20\r_compiler-error_(v1)_19-12-08-488.md
мая 20, 2025 7:12:08 PM scala.meta.internal.pc.CompilerAccess retryWithCleanCompiler
INFO: compiler crashed due to an error in the Scala compiler, retrying with new compiler instance.
мая 20, 2025 7:12:08 PM scala.meta.internal.pc.CompilerAccess handleError
SEVERE: A severe compiler error occurred, full details of the error can be found in the error report C:\Users\toorr\v1\.metals\.reports\metals-full\2025-05-20\r_compiler-error_(v1)_19-12-08-664.md
мая 20, 2025 7:12:08 PM scala.meta.internal.pc.CompilerAccess retryWithCleanCompiler
INFO: compiler crashed due to an error in the Scala compiler, retrying with new compiler instance.
мая 20, 2025 7:12:08 PM scala.meta.internal.pc.CompilerAccess handleError
SEVERE: A severe compiler error occurred, full details of the error can be found in the error report C:\Users\toorr\v1\.metals\.reports\metals-full\2025-05-20\r_compiler-error_(v1)_19-12-08-849.md
мая 20, 2025 7:12:10 PM scala.meta.internal.pc.CompilerAccess retryWithCleanCompiler
INFO: compiler crashed due to an error in the Scala compiler, retrying with new compiler instance.
мая 20, 2025 7:12:11 PM scala.meta.internal.pc.CompilerAccess handleError
SEVERE: A severe compiler error occurred, full details of the error can be found in the error report C:\Users\toorr\v1\.metals\.reports\metals-full\2025-05-20\r_compiler-error_(v1)_19-12-11-014.md
2025.05.20 19:12:11 INFO  compiling v1 (4 scala sources)
2025.05.20 19:12:11 INFO  time: compiled v1 in 0.21s
2025.05.20 19:13:12 INFO  compiling v1 (4 scala sources)
2025.05.20 19:13:12 INFO  time: compiled v1 in 0.11s
мая 20, 2025 7:13:40 PM scala.meta.internal.metals.StdReporter $anonfun$create$1
WARNING: empty definition using pc, found symbol in pc:  (full report at: C:\Users\toorr\v1\.metals\.reports\metals-full\2025-05-19\r_empty-definition_(v1)_19-18-59-503.md)
2025.05.20 19:14:03 INFO  compiling v1 (4 scala sources)
2025.05.20 19:14:03 INFO  time: compiled v1 in 0.38s
мая 20, 2025 7:14:04 PM scala.meta.internal.pc.CompilerAccess retryWithCleanCompiler
INFO: compiler crashed due to an error in the Scala compiler, retrying with new compiler instance.
мая 20, 2025 7:14:04 PM scala.meta.internal.pc.CompilerAccess handleError
SEVERE: A severe compiler error occurred, full details of the error can be found in the error report C:\Users\toorr\v1\.metals\.reports\metals-full\2025-05-20\r_compiler-error_(v1)_19-14-04-551.md
мая 20, 2025 7:14:04 PM scala.meta.internal.pc.CompilerAccess retryWithCleanCompiler
INFO: compiler crashed due to an error in the Scala compiler, retrying with new compiler instance.
мая 20, 2025 7:14:04 PM scala.meta.internal.pc.CompilerAccess handleError
SEVERE: A severe compiler error occurred, full details of the error can be found in the error report C:\Users\toorr\v1\.metals\.reports\metals-full\2025-05-20\r_compiler-error_(v1)_19-14-04-709.md
мая 20, 2025 7:14:04 PM scala.meta.internal.pc.CompilerAccess retryWithCleanCompiler
INFO: compiler crashed due to an error in the Scala compiler, retrying with new compiler instance.
мая 20, 2025 7:14:04 PM scala.meta.internal.pc.CompilerAccess handleError
SEVERE: A severe compiler error occurred, full details of the error can be found in the error report C:\Users\toorr\v1\.metals\.reports\metals-full\2025-05-20\r_compiler-error_(v1)_19-14-04-860.md
мая 20, 2025 7:14:04 PM scala.meta.internal.pc.CompilerAccess retryWithCleanCompiler
INFO: compiler crashed due to an error in the Scala compiler, retrying with new compiler instance.
мая 20, 2025 7:14:05 PM scala.meta.internal.pc.CompilerAccess handleError
SEVERE: A severe compiler error occurred, full details of the error can be found in the error report C:\Users\toorr\v1\.metals\.reports\metals-full\2025-05-20\r_compiler-error_(v1)_19-14-05-009.md
мая 20, 2025 7:14:13 PM scala.meta.internal.pc.CompilerAccess retryWithCleanCompiler
INFO: compiler crashed due to an error in the Scala compiler, retrying with new compiler instance.
мая 20, 2025 7:14:13 PM scala.meta.internal.pc.CompilerAccess handleError
SEVERE: A severe compiler error occurred, full details of the error can be found in the error report C:\Users\toorr\v1\.metals\.reports\metals-full\2025-05-20\r_compiler-error_(v1)_19-14-13-213.md
мая 20, 2025 7:14:13 PM scala.meta.internal.pc.CompilerAccess retryWithCleanCompiler
INFO: compiler crashed due to an error in the Scala compiler, retrying with new compiler instance.
мая 20, 2025 7:14:13 PM scala.meta.internal.pc.CompilerAccess handleError
SEVERE: A severe compiler error occurred, full details of the error can be found in the error report C:\Users\toorr\v1\.metals\.reports\metals-full\2025-05-20\r_compiler-error_(v1)_19-14-13-558.md
мая 20, 2025 7:14:13 PM scala.meta.internal.pc.CompilerAccess retryWithCleanCompiler
INFO: compiler crashed due to an error in the Scala compiler, retrying with new compiler instance.
мая 20, 2025 7:14:13 PM scala.meta.internal.pc.CompilerAccess handleError
SEVERE: A severe compiler error occurred, full details of the error can be found in the error report C:\Users\toorr\v1\.metals\.reports\metals-full\2025-05-20\r_compiler-error_(v1)_19-14-13-802.md
мая 20, 2025 7:14:13 PM scala.meta.internal.pc.CompilerAccess retryWithCleanCompiler
INFO: compiler crashed due to an error in the Scala compiler, retrying with new compiler instance.
мая 20, 2025 7:14:14 PM scala.meta.internal.pc.CompilerAccess handleError
SEVERE: A severe compiler error occurred, full details of the error can be found in the error report C:\Users\toorr\v1\.metals\.reports\metals-full\2025-05-20\r_compiler-error_(v1)_19-14-14-004.md
мая 20, 2025 7:14:14 PM scala.meta.internal.pc.CompilerAccess retryWithCleanCompiler
INFO: compiler crashed due to an error in the Scala compiler, retrying with new compiler instance.
мая 20, 2025 7:14:14 PM scala.meta.internal.pc.CompilerAccess handleError
SEVERE: A severe compiler error occurred, full details of the error can be found in the error report C:\Users\toorr\v1\.metals\.reports\metals-full\2025-05-20\r_compiler-error_(v1)_19-14-14-211.md
мая 20, 2025 7:14:14 PM scala.meta.internal.pc.CompilerAccess retryWithCleanCompiler
INFO: compiler crashed due to an error in the Scala compiler, retrying with new compiler instance.
мая 20, 2025 7:14:14 PM scala.meta.internal.pc.CompilerAccess handleError
SEVERE: A severe compiler error occurred, full details of the error can be found in the error report C:\Users\toorr\v1\.metals\.reports\metals-full\2025-05-20\r_compiler-error_(v1)_19-14-14-386.md
мая 20, 2025 7:14:14 PM scala.meta.internal.pc.CompilerAccess retryWithCleanCompiler
INFO: compiler crashed due to an error in the Scala compiler, retrying with new compiler instance.
мая 20, 2025 7:14:14 PM scala.meta.internal.pc.CompilerAccess handleError
SEVERE: A severe compiler error occurred, full details of the error can be found in the error report C:\Users\toorr\v1\.metals\.reports\metals-full\2025-05-20\r_compiler-error_(v1)_19-14-14-805.md
мая 20, 2025 7:14:14 PM scala.meta.internal.pc.CompilerAccess retryWithCleanCompiler
INFO: compiler crashed due to an error in the Scala compiler, retrying with new compiler instance.
мая 20, 2025 7:14:14 PM scala.meta.internal.pc.CompilerAccess handleError
SEVERE: A severe compiler error occurred, full details of the error can be found in the error report C:\Users\toorr\v1\.metals\.reports\metals-full\2025-05-20\r_compiler-error_(v1)_19-14-14-958.md
мая 20, 2025 7:14:15 PM scala.meta.internal.pc.CompilerAccess retryWithCleanCompiler
INFO: compiler crashed due to an error in the Scala compiler, retrying with new compiler instance.
мая 20, 2025 7:14:15 PM scala.meta.internal.pc.CompilerAccess handleError
SEVERE: A severe compiler error occurred, full details of the error can be found in the error report C:\Users\toorr\v1\.metals\.reports\metals-full\2025-05-20\r_compiler-error_(v1)_19-14-15-113.md
мая 20, 2025 7:14:15 PM scala.meta.internal.pc.CompilerAccess retryWithCleanCompiler
INFO: compiler crashed due to an error in the Scala compiler, retrying with new compiler instance.
мая 20, 2025 7:14:15 PM scala.meta.internal.pc.CompilerAccess handleError
SEVERE: A severe compiler error occurred, full details of the error can be found in the error report C:\Users\toorr\v1\.metals\.reports\metals-full\2025-05-20\r_compiler-error_(v1)_19-14-15-283.md
мая 20, 2025 7:14:20 PM scala.meta.internal.pc.CompilerAccess retryWithCleanCompiler
INFO: compiler crashed due to an error in the Scala compiler, retrying with new compiler instance.
мая 20, 2025 7:14:20 PM scala.meta.internal.pc.CompilerAccess handleError
SEVERE: A severe compiler error occurred, full details of the error can be found in the error report C:\Users\toorr\v1\.metals\.reports\metals-full\2025-05-20\r_compiler-error_(v1)_19-14-20-325.md
мая 20, 2025 7:14:20 PM scala.meta.internal.pc.CompilerAccess retryWithCleanCompiler
INFO: compiler crashed due to an error in the Scala compiler, retrying with new compiler instance.
мая 20, 2025 7:14:20 PM scala.meta.internal.pc.CompilerAccess handleError
SEVERE: A severe compiler error occurred, full details of the error can be found in the error report C:\Users\toorr\v1\.metals\.reports\metals-full\2025-05-20\r_compiler-error_(v1)_19-14-20-451.md
мая 20, 2025 7:14:20 PM scala.meta.internal.pc.CompilerAccess retryWithCleanCompiler
INFO: compiler crashed due to an error in the Scala compiler, retrying with new compiler instance.
мая 20, 2025 7:14:20 PM scala.meta.internal.pc.CompilerAccess handleError
SEVERE: A severe compiler error occurred, full details of the error can be found in the error report C:\Users\toorr\v1\.metals\.reports\metals-full\2025-05-20\r_compiler-error_(v1)_19-14-20-577.md
мая 20, 2025 7:14:20 PM scala.meta.internal.pc.CompilerAccess retryWithCleanCompiler
INFO: compiler crashed due to an error in the Scala compiler, retrying with new compiler instance.
мая 20, 2025 7:14:20 PM scala.meta.internal.pc.CompilerAccess handleError
SEVERE: A severe compiler error occurred, full details of the error can be found in the error report C:\Users\toorr\v1\.metals\.reports\metals-full\2025-05-20\r_compiler-error_(v1)_19-14-20-705.md
мая 20, 2025 7:14:20 PM scala.meta.internal.metals.StdReporter $anonfun$create$1
WARNING: empty definition using pc, found symbol in pc:  (full report at: C:\Users\toorr\v1\.metals\.reports\metals-full\2025-05-20\r_empty-definition_(v1)_19-14-20-817.md)
мая 20, 2025 7:16:04 PM scala.meta.internal.pc.CompilerAccess retryWithCleanCompiler
INFO: compiler crashed due to an error in the Scala compiler, retrying with new compiler instance.
мая 20, 2025 7:16:04 PM scala.meta.internal.pc.CompilerAccess handleError
SEVERE: A severe compiler error occurred, full details of the error can be found in the error report C:\Users\toorr\v1\.metals\.reports\metals-full\2025-05-20\r_compiler-error_(v1)_19-16-04-311.md
мая 20, 2025 7:16:04 PM scala.meta.internal.pc.CompilerAccess retryWithCleanCompiler
INFO: compiler crashed due to an error in the Scala compiler, retrying with new compiler instance.
мая 20, 2025 7:16:04 PM scala.meta.internal.pc.CompilerAccess handleError
SEVERE: A severe compiler error occurred, full details of the error can be found in the error report C:\Users\toorr\v1\.metals\.reports\metals-full\2025-05-20\r_compiler-error_(v1)_19-16-04-781.md
мая 20, 2025 7:16:04 PM scala.meta.internal.pc.CompilerAccess retryWithCleanCompiler
INFO: compiler crashed due to an error in the Scala compiler, retrying with new compiler instance.
мая 20, 2025 7:16:04 PM scala.meta.internal.pc.CompilerAccess handleError
SEVERE: A severe compiler error occurred, full details of the error can be found in the error report C:\Users\toorr\v1\.metals\.reports\metals-full\2025-05-20\r_compiler-error_(v1)_19-16-04-975.md
мая 20, 2025 7:16:05 PM scala.meta.internal.pc.CompilerAccess retryWithCleanCompiler
INFO: compiler crashed due to an error in the Scala compiler, retrying with new compiler instance.
мая 20, 2025 7:16:05 PM scala.meta.internal.pc.CompilerAccess handleError
SEVERE: A severe compiler error occurred, full details of the error can be found in the error report C:\Users\toorr\v1\.metals\.reports\metals-full\2025-05-20\r_compiler-error_(v1)_19-16-05-633.md
мая 20, 2025 7:16:05 PM scala.meta.internal.pc.CompilerAccess retryWithCleanCompiler
INFO: compiler crashed due to an error in the Scala compiler, retrying with new compiler instance.
мая 20, 2025 7:16:05 PM scala.meta.internal.pc.CompilerAccess handleError
SEVERE: A severe compiler error occurred, full details of the error can be found in the error report C:\Users\toorr\v1\.metals\.reports\metals-full\2025-05-20\r_compiler-error_(v1)_19-16-05-854.md
мая 20, 2025 7:16:05 PM scala.meta.internal.pc.CompilerAccess retryWithCleanCompiler
INFO: compiler crashed due to an error in the Scala compiler, retrying with new compiler instance.
мая 20, 2025 7:16:06 PM scala.meta.internal.pc.CompilerAccess handleError
SEVERE: A severe compiler error occurred, full details of the error can be found in the error report C:\Users\toorr\v1\.metals\.reports\metals-full\2025-05-20\r_compiler-error_(v1)_19-16-06-056.md
2025.05.20 19:16:06 INFO  compiling v1 (4 scala sources)
2025.05.20 19:16:06 INFO  time: compiled v1 in 0.5s
2025.05.20 19:17:12 INFO  compiling v1 (5 scala sources)
2025.05.20 19:17:12 INFO  time: compiled v1 in 0.56s
2025.05.20 19:17:12 WARN  Could not load snapshot text for C:\Users\toorr\v1\src\main\scala\service\Repository.scala
2025.05.20 19:17:31 WARN  Could not load snapshot text for C:\Users\toorr\v1\src\main\scala\service\CsvRepository.scala
2025.05.20 19:17:32 WARN  Could not load snapshot text for C:\Users\toorr\v1\src\main\scala\service\CsvRepository.scala
2025.05.20 19:17:33 WARN  Could not load snapshot text for C:\Users\toorr\v1\src\main\scala\service\CsvRepository.scala
2025.05.20 19:17:34 INFO  compiling v1 (5 scala sources)
2025.05.20 19:17:34 INFO  time: compiled v1 in 0.43s
2025.05.20 19:17:34 WARN  Could not load snapshot text for C:\Users\toorr\v1\src\main\scala\service\CsvRepository.scala
2025.05.20 19:17:48 INFO  compiling v1 (5 scala sources)
2025.05.20 19:17:48 INFO  time: compiled v1 in 0.34s
2025.05.20 19:18:00 INFO  compiling v1 (5 scala sources)
2025.05.20 19:18:00 INFO  time: compiled v1 in 0.24s
мая 20, 2025 7:18:12 PM scala.meta.internal.pc.CompilerAccess retryWithCleanCompiler
INFO: compiler crashed due to an error in the Scala compiler, retrying with new compiler instance.
мая 20, 2025 7:18:12 PM scala.meta.internal.pc.CompilerAccess handleError
SEVERE: A severe compiler error occurred, full details of the error can be found in the error report C:\Users\toorr\v1\.metals\.reports\metals-full\2025-05-20\r_compiler-error_(v1)_19-18-12-476.md
мая 20, 2025 7:18:13 PM scala.meta.internal.pc.CompilerAccess retryWithCleanCompiler
INFO: compiler crashed due to an error in the Scala compiler, retrying with new compiler instance.
мая 20, 2025 7:18:13 PM scala.meta.internal.pc.CompilerAccess handleError
SEVERE: A severe compiler error occurred, full details of the error can be found in the error report C:\Users\toorr\v1\.metals\.reports\metals-full\2025-05-20\r_compiler-error_(v1)_19-18-13-889.md
мая 20, 2025 7:18:14 PM scala.meta.internal.pc.CompilerAccess retryWithCleanCompiler
INFO: compiler crashed due to an error in the Scala compiler, retrying with new compiler instance.
2025.05.20 19:18:14 INFO  compiling v1 (5 scala sources)
мая 20, 2025 7:18:16 PM scala.meta.internal.metals.StdReporter $anonfun$create$1
WARNING: Unexpected error when copying <WORKSPACE>\src\main\resources\articles.csv to <WORKSPACE>\.bloop\v1\b... (full report at: C:\Users\toorr\v1\.metals\.reports\bloop\2025-05-20\r_Unexpected error whe..._19-18-16-290.md)
мая 20, 2025 7:18:16 PM scala.meta.internal.metals.StdReporter $anonfun$create$1
WARNING: Unexpected error when copying <WORKSPACE>\src\main\resources\professors.csv to <WORKSPACE>\.bloop\v1... (full report at: C:\Users\toorr\v1\.metals\.reports\bloop\2025-05-20\r_Unexpected error whe..._19-18-16-303.md)
мая 20, 2025 7:18:16 PM scala.meta.internal.metals.StdReporter $anonfun$create$1
WARNING: Unexpected error when copying <WORKSPACE>\src\main\resources\conferences.csv to <WORKSPACE>\.bloop\v... (full report at: C:\Users\toorr\v1\.metals\.reports\bloop\2025-05-20\r_Unexpected error whe..._19-18-16-317.md)
мая 20, 2025 7:18:16 PM scala.meta.internal.metals.StdReporter $anonfun$create$1
WARNING: Unexpected error when copying <WORKSPACE>\src\main\resources\topics.csv to <WORKSPACE>\.bloop\v1\blo... (full report at: C:\Users\toorr\v1\.metals\.reports\bloop\2025-05-20\r_Unexpected error whe..._19-18-16-323.md)
мая 20, 2025 7:18:16 PM scala.meta.internal.metals.StdReporter $anonfun$create$1
WARNING: Unexpected error when copying <WORKSPACE>\src\main\resources\professors.csv to <WORKSPACE>\.bloop\v1... (full report at: C:\Users\toorr\v1\.metals\.reports\bloop\2025-05-20\r_Unexpected error whe..._19-07-07-530.md)
2025.05.20 19:18:16 INFO  time: compiled v1 in 1.85s
мая 20, 2025 7:18:39 PM scala.meta.internal.metals.StdReporter $anonfun$create$1
WARNING: Unexpected error when copying <WORKSPACE>\src\main\resources\professors.csv to <WORKSPACE>\.bloop\v1... (full report at: C:\Users\toorr\v1\.metals\.reports\bloop\2025-05-20\r_Unexpected error whe..._19-07-07-530.md)
2025.05.20 19:25:27 INFO  compiling v1 (1 scala source)
мая 20, 2025 7:25:28 PM scala.meta.internal.metals.StdReporter $anonfun$create$1
WARNING: Unexpected error when copying <WORKSPACE>\src\main\resources\articles.csv to <WORKSPACE>\.bloop\v1\b... (full report at: C:\Users\toorr\v1\.metals\.reports\bloop\2025-05-20\r_Unexpected error whe..._19-18-16-290.md)
мая 20, 2025 7:25:28 PM scala.meta.internal.metals.StdReporter $anonfun$create$1
WARNING: Unexpected error when copying <WORKSPACE>\src\main\resources\professors.csv to <WORKSPACE>\.bloop\v1... (full report at: C:\Users\toorr\v1\.metals\.reports\bloop\2025-05-20\r_Unexpected error whe..._19-18-16-303.md)
мая 20, 2025 7:25:28 PM scala.meta.internal.metals.StdReporter $anonfun$create$1
WARNING: Unexpected error when copying <WORKSPACE>\src\main\resources\topics.csv to <WORKSPACE>\.bloop\v1\blo... (full report at: C:\Users\toorr\v1\.metals\.reports\bloop\2025-05-20\r_Unexpected error whe..._19-18-16-323.md)
мая 20, 2025 7:25:28 PM scala.meta.internal.metals.StdReporter $anonfun$create$1
WARNING: Unexpected error when copying <WORKSPACE>\src\main\resources\conferences.csv to <WORKSPACE>\.bloop\v... (full report at: C:\Users\toorr\v1\.metals\.reports\bloop\2025-05-20\r_Unexpected error whe..._19-18-16-317.md)
мая 20, 2025 7:25:28 PM scala.meta.internal.metals.StdReporter $anonfun$create$1
WARNING: Unexpected error when copying <WORKSPACE>\src\main\resources\professors.csv to <WORKSPACE>\.bloop\v1... (full report at: C:\Users\toorr\v1\.metals\.reports\bloop\2025-05-20\r_Unexpected error whe..._19-07-07-530.md)
2025.05.20 19:25:27 INFO  time: compiled v1 in 0.72s
мая 20, 2025 7:25:34 PM scala.meta.internal.metals.StdReporter $anonfun$create$1
WARNING: Unexpected error when copying <WORKSPACE>\src\main\resources\professors.csv to <WORKSPACE>\.bloop\v1... (full report at: C:\Users\toorr\v1\.metals\.reports\bloop\2025-05-20\r_Unexpected error whe..._19-07-07-530.md)
мая 20, 2025 7:28:57 PM scala.meta.internal.metals.StdReporter $anonfun$create$1
WARNING: Unexpected error when copying <WORKSPACE>\src\main\resources\professors.csv to <WORKSPACE>\.bloop\v1... (full report at: C:\Users\toorr\v1\.metals\.reports\bloop\2025-05-20\r_Unexpected error whe..._19-07-07-530.md)
мая 20, 2025 7:35:14 PM scala.meta.internal.metals.StdReporter $anonfun$create$1
WARNING: Unexpected error when copying <WORKSPACE>\src\main\resources\professors.csv to <WORKSPACE>\.bloop\v1... (full report at: C:\Users\toorr\v1\.metals\.reports\bloop\2025-05-20\r_Unexpected error whe..._19-07-07-530.md)
2025.05.20 19:36:49 INFO  compiling v1 (1 scala source)
2025.05.20 19:36:49 INFO  time: compiled v1 in 0.17s
2025.05.20 19:37:25 INFO  compiling v1 (1 scala source)
2025.05.20 19:37:25 INFO  time: compiled v1 in 97ms
2025.05.20 19:37:42 INFO  compiling v1 (1 scala source)
2025.05.20 19:37:42 INFO  time: compiled v1 in 86ms
мая 20, 2025 7:37:49 PM org.eclipse.lsp4j.jsonrpc.RemoteEndpoint handleCancellation
WARNING: Unmatched cancel notification for request id 11599
мая 20, 2025 7:38:00 PM scala.meta.internal.metals.StdReporter $anonfun$create$1
WARNING: empty definition using pc, found symbol in pc:  (full report at: C:\Users\toorr\v1\.metals\.reports\metals-full\2025-05-20\r_empty-definition_(v1)_19-38-00-475.md)
мая 20, 2025 7:38:00 PM scala.meta.internal.metals.StdReporter $anonfun$create$1
WARNING: Unexpected error when copying <WORKSPACE>\src\main\resources\professors.csv to <WORKSPACE>\.bloop\v1... (full report at: C:\Users\toorr\v1\.metals\.reports\bloop\2025-05-20\r_Unexpected error whe..._19-07-07-530.md)
2025.05.20 19:38:00 INFO  time: compiled v1 in 6ms
2025.05.20 19:38:20 INFO  compiling v1 (1 scala source)
2025.05.20 19:38:20 INFO  time: compiled v1 in 0.15s
2025.05.20 19:39:13 INFO  time: compiled v1 in 15ms
2025.05.20 19:41:08 INFO  running 'C:\Users\toorr\AppData\Local\Coursier\cache\arc\https\github.com\adoptium\temurin17-binaries\releases\download\jdk-17.0.13%252B11\OpenJDK17U-jdk_x64_windows_hotspot_17.0.13_11.zip\jdk-17.0.13+11\bin\java.exe -Djline.terminal=jline.UnsupportedTerminal -Dsbt.log.noformat=true -Dfile.encoding=UTF-8 -jar C:\Users\toorr\AppData\Local\Temp\metals4182357143559575893\sbt-launch.jar -Dbloop.export-jar-classifiers=sources bloopInstall'
2025.05.20 19:41:18 INFO  [info] welcome to sbt 1.10.11 (Eclipse Adoptium Java 17.0.13)
2025.05.20 19:41:18 INFO  [info] loading settings for project v1-build-build from metals.sbt...
2025.05.20 19:41:19 INFO  [info] loading project definition from C:\Users\toorr\v1\project\project
2025.05.20 19:41:19 INFO  [info] loading settings for project v1-build from metals.sbt...
2025.05.20 19:41:20 INFO  [info] loading project definition from C:\Users\toorr\v1\project
2025.05.20 19:41:29 INFO  [success] Generated .bloop\v1-build.json
2025.05.20 19:41:29 INFO  [success] Total time: 9 s, completed 20 РјР°СЏ 2025 Рі., 19:41:29
2025.05.20 19:41:29 INFO  [info] loading settings for project v1 from build.sbt...
2025.05.20 19:41:29 INFO  [info] set current project to StudentPubRecommender (in build file:/C:/Users/toorr/v1/)
2025.05.20 19:41:29 INFO  [success] Generated .bloop\v1-test.json
2025.05.20 19:41:29 INFO  [success] Generated .bloop\v1.json
2025.05.20 19:41:29 INFO  [success] Total time: 0 s, completed 20 РјР°СЏ 2025 Рі., 19:41:30
2025.05.20 19:41:30 INFO  time: ran 'sbt bloopInstall' in 21s
2025.05.20 19:41:30 INFO  Disconnecting from Bloop session...
2025.05.20 19:41:30 INFO  Shut down connection with build server.
2025.05.20 19:41:30 INFO  Shut down connection with build server.
2025.05.20 19:41:30 INFO  Attempting to connect to the build server...
2025.05.20 19:41:30 INFO  Found a Bloop server running
2025.05.20 19:41:30 INFO  tracing is disabled for protocol BSP, to enable tracing of incoming and outgoing JSON messages create an empty file at C:\Users\toorr\v1\.metals\bsp.trace.json or C:\Users\toorr\AppData\Local\scalameta\metals\cache\bsp.trace.json
2025.05.20 19:41:30 INFO  Attempting to connect to the build server...
2025.05.20 19:41:30 INFO  Found a Bloop server running
2025.05.20 19:41:30 INFO  tracing is disabled for protocol BSP, to enable tracing of incoming and outgoing JSON messages create an empty file at C:\Users\toorr\v1\project\.metals\bsp.trace.json or C:\Users\toorr\AppData\Local\scalameta\metals\cache\bsp.trace.json
2025.05.20 19:41:30 INFO  time: Connected to build server in 0.32s
2025.05.20 19:41:30 INFO  Connected to Build server: Bloop v2.0.10
2025.05.20 19:41:47 INFO  time: indexed workspace in 16s
2025.05.20 19:41:47 INFO  Disconnecting from Bloop session...
2025.05.20 19:41:47 INFO  Shut down connection with build server.
2025.05.20 19:41:47 INFO  Shut down connection with build server.
мая 20, 2025 7:41:47 PM scala.meta.internal.metals.StdReporter $anonfun$create$1
WARNING: java.lang.NullPointerException: Cannot read the array length because "a" is null (full report at: C:\Users\toorr\v1\.metals\.reports\metals-full\2025-05-20\r_compiler-error_19-41-47-499.md)
2025.05.20 19:41:48 INFO  Attempting to connect to the build server...
2025.05.20 19:41:48 INFO  No running Bloop server found, starting one.
2025.05.20 19:41:50 INFO  Starting compilation server
2025.05.20 19:41:59 INFO  tracing is disabled for protocol BSP, to enable tracing of incoming and outgoing JSON messages create an empty file at C:\Users\toorr\v1\.metals\bsp.trace.json or C:\Users\toorr\AppData\Local\scalameta\metals\cache\bsp.trace.json
2025.05.20 19:42:01 ERROR scala.meta.internal.metals.debug.DiscoveryFailures$SemanticDbNotFoundException$: Build misconfiguration. No semanticdb can be found for you file, please check the doctor.
	at scala.meta.internal.metals.debug.DiscoveryFailures$SemanticDbNotFoundException$.<clinit>(DiscoveryFailures.scala:66)
	at scala.meta.internal.metals.debug.DebugDiscovery.$anonfun$runOrTestFile$1(DebugDiscovery.scala:255)
	at scala.Option.fold(Option.scala:263)
	at scala.meta.internal.metals.debug.DebugDiscovery.runOrTestFile(DebugDiscovery.scala:256)
	at scala.meta.internal.metals.debug.DebugDiscovery.$anonfun$debugDiscovery$1(DebugDiscovery.scala:176)
	at scala.concurrent.impl.Promise$Transformation.run(Promise.scala:470)
	at java.util.concurrent.ThreadPoolExecutor.runWorker(ThreadPoolExecutor.java:1136)
	at java.util.concurrent.ThreadPoolExecutor$Worker.run(ThreadPoolExecutor.java:635)
	at java.lang.Thread.run(Thread.java:840)

2025.05.20 19:42:01 ERROR scala.meta.internal.metals.debug.DiscoveryFailures$SemanticDbNotFoundException$: Build misconfiguration. No semanticdb can be found for you file, please check the doctor.
	at scala.meta.internal.metals.debug.DiscoveryFailures$SemanticDbNotFoundException$.<clinit>(DiscoveryFailures.scala:66)
	at scala.meta.internal.metals.debug.DebugDiscovery.$anonfun$runOrTestFile$1(DebugDiscovery.scala:255)
	at scala.Option.fold(Option.scala:263)
	at scala.meta.internal.metals.debug.DebugDiscovery.runOrTestFile(DebugDiscovery.scala:256)
	at scala.meta.internal.metals.debug.DebugDiscovery.$anonfun$debugDiscovery$1(DebugDiscovery.scala:176)
	at scala.concurrent.impl.Promise$Transformation.run(Promise.scala:470)
	at java.util.concurrent.ThreadPoolExecutor.runWorker(ThreadPoolExecutor.java:1136)
	at java.util.concurrent.ThreadPoolExecutor$Worker.run(ThreadPoolExecutor.java:635)
	at java.lang.Thread.run(Thread.java:840)

2025.05.20 19:42:05 INFO  Attempting to connect to the build server...
2025.05.20 19:42:05 INFO  Found a Bloop server running
2025.05.20 19:42:05 INFO  tracing is disabled for protocol BSP, to enable tracing of incoming and outgoing JSON messages create an empty file at C:\Users\toorr\v1\project\.metals\bsp.trace.json or C:\Users\toorr\AppData\Local\scalameta\metals\cache\bsp.trace.json
2025.05.20 19:42:05 INFO  time: Connected to build server in 17s
2025.05.20 19:42:05 INFO  Connected to Build server: Bloop v2.0.10
2025.05.20 19:42:05 INFO  time: Imported build in 0.14s
2025.05.20 19:42:07 INFO  time: indexed workspace in 1.58s
2025.05.20 19:50:57 INFO  compiling v1 (1 scala source)
2025.05.20 19:51:01 INFO  time: compiled v1 in 3.96s
2025.05.20 19:51:15 INFO  compiling v1 (1 scala source)
2025.05.20 19:51:15 INFO  time: compiled v1 in 0.9s
мая 20, 2025 7:51:39 PM scala.meta.internal.pc.CompilerAccess retryWithCleanCompiler
INFO: compiler crashed due to an error in the Scala compiler, retrying with new compiler instance.
мая 20, 2025 7:51:39 PM scala.meta.internal.pc.CompilerAccess handleError
SEVERE: A severe compiler error occurred, full details of the error can be found in the error report C:\Users\toorr\v1\.metals\.reports\metals-full\2025-05-20\r_compiler-error_(v1)_19-51-39-925.md
мая 20, 2025 7:51:40 PM scala.meta.internal.pc.CompilerAccess retryWithCleanCompiler
INFO: compiler crashed due to an error in the Scala compiler, retrying with new compiler instance.
мая 20, 2025 7:51:40 PM scala.meta.internal.pc.CompilerAccess handleError
SEVERE: A severe compiler error occurred, full details of the error can be found in the error report C:\Users\toorr\v1\.metals\.reports\metals-full\2025-05-20\r_compiler-error_(v1)_19-51-40-275.md
мая 20, 2025 7:51:40 PM scala.meta.internal.pc.CompilerAccess retryWithCleanCompiler
INFO: compiler crashed due to an error in the Scala compiler, retrying with new compiler instance.
мая 20, 2025 7:51:40 PM scala.meta.internal.pc.CompilerAccess handleError
SEVERE: A severe compiler error occurred, full details of the error can be found in the error report C:\Users\toorr\v1\.metals\.reports\metals-full\2025-05-20\r_compiler-error_(v1)_19-51-40-707.md
мая 20, 2025 7:51:40 PM scala.meta.internal.pc.CompilerAccess retryWithCleanCompiler
INFO: compiler crashed due to an error in the Scala compiler, retrying with new compiler instance.
мая 20, 2025 7:51:41 PM scala.meta.internal.pc.CompilerAccess handleError
SEVERE: A severe compiler error occurred, full details of the error can be found in the error report C:\Users\toorr\v1\.metals\.reports\metals-full\2025-05-20\r_compiler-error_(v1)_19-51-41-065.md
мая 20, 2025 7:51:41 PM scala.meta.internal.pc.CompilerAccess retryWithCleanCompiler
INFO: compiler crashed due to an error in the Scala compiler, retrying with new compiler instance.
мая 20, 2025 7:51:41 PM scala.meta.internal.pc.CompilerAccess handleError
SEVERE: A severe compiler error occurred, full details of the error can be found in the error report C:\Users\toorr\v1\.metals\.reports\metals-full\2025-05-20\r_compiler-error_(v1)_19-51-41-246.md
мая 20, 2025 7:51:41 PM scala.meta.internal.pc.CompilerAccess retryWithCleanCompiler
INFO: compiler crashed due to an error in the Scala compiler, retrying with new compiler instance.
мая 20, 2025 7:51:41 PM scala.meta.internal.pc.CompilerAccess handleError
SEVERE: A severe compiler error occurred, full details of the error can be found in the error report C:\Users\toorr\v1\.metals\.reports\metals-full\2025-05-20\r_compiler-error_(v1)_19-51-41-447.md
мая 20, 2025 7:51:41 PM scala.meta.internal.pc.CompilerAccess retryWithCleanCompiler
INFO: compiler crashed due to an error in the Scala compiler, retrying with new compiler instance.
мая 20, 2025 7:51:41 PM scala.meta.internal.pc.CompilerAccess handleError
SEVERE: A severe compiler error occurred, full details of the error can be found in the error report C:\Users\toorr\v1\.metals\.reports\metals-full\2025-05-20\r_compiler-error_(v1)_19-51-41-656.md
мая 20, 2025 7:51:41 PM scala.meta.internal.pc.CompilerAccess retryWithCleanCompiler
INFO: compiler crashed due to an error in the Scala compiler, retrying with new compiler instance.
мая 20, 2025 7:51:41 PM scala.meta.internal.pc.CompilerAccess handleError
SEVERE: A severe compiler error occurred, full details of the error can be found in the error report C:\Users\toorr\v1\.metals\.reports\metals-full\2025-05-20\r_compiler-error_(v1)_19-51-41-816.md
2025.05.20 19:51:45 INFO  time: compiled v1 in 12ms
2025.05.20 19:51:49 INFO  compiling v1 (1 scala source)
2025.05.20 19:51:49 INFO  time: compiled v1 in 0.78s
мая 20, 2025 7:51:58 PM scala.meta.internal.pc.CompilerAccess retryWithCleanCompiler
INFO: compiler crashed due to an error in the Scala compiler, retrying with new compiler instance.
мая 20, 2025 7:51:58 PM scala.meta.internal.pc.CompilerAccess handleError
SEVERE: A severe compiler error occurred, full details of the error can be found in the error report C:\Users\toorr\v1\.metals\.reports\metals-full\2025-05-20\r_compiler-error_(v1)_19-51-58-834.md
мая 20, 2025 7:53:09 PM scala.meta.internal.pc.CompilerAccess retryWithCleanCompiler
INFO: compiler crashed due to an error in the Scala compiler, retrying with new compiler instance.
мая 20, 2025 7:53:10 PM scala.meta.internal.pc.CompilerAccess handleError
SEVERE: A severe compiler error occurred, full details of the error can be found in the error report C:\Users\toorr\v1\.metals\.reports\metals-full\2025-05-20\r_compiler-error_(v1)_19-53-10-155.md
мая 20, 2025 7:53:10 PM scala.meta.internal.pc.CompilerAccess retryWithCleanCompiler
INFO: compiler crashed due to an error in the Scala compiler, retrying with new compiler instance.
мая 20, 2025 7:53:10 PM scala.meta.internal.pc.CompilerAccess handleError
SEVERE: A severe compiler error occurred, full details of the error can be found in the error report C:\Users\toorr\v1\.metals\.reports\metals-full\2025-05-20\r_compiler-error_(v1)_19-53-10-635.md
мая 20, 2025 7:53:10 PM scala.meta.internal.pc.CompilerAccess retryWithCleanCompiler
INFO: compiler crashed due to an error in the Scala compiler, retrying with new compiler instance.
мая 20, 2025 7:53:11 PM scala.meta.internal.pc.CompilerAccess handleError
SEVERE: A severe compiler error occurred, full details of the error can be found in the error report C:\Users\toorr\v1\.metals\.reports\metals-full\2025-05-20\r_compiler-error_(v1)_19-53-11-045.md
мая 20, 2025 7:53:11 PM scala.meta.internal.pc.CompilerAccess retryWithCleanCompiler
INFO: compiler crashed due to an error in the Scala compiler, retrying with new compiler instance.
мая 20, 2025 7:53:11 PM scala.meta.internal.pc.CompilerAccess handleError
SEVERE: A severe compiler error occurred, full details of the error can be found in the error report C:\Users\toorr\v1\.metals\.reports\metals-full\2025-05-20\r_compiler-error_(v1)_19-53-11-482.md
мая 20, 2025 7:53:13 PM scala.meta.internal.pc.CompilerAccess retryWithCleanCompiler
INFO: compiler crashed due to an error in the Scala compiler, retrying with new compiler instance.
мая 20, 2025 7:53:13 PM scala.meta.internal.pc.CompilerAccess handleError
SEVERE: A severe compiler error occurred, full details of the error can be found in the error report C:\Users\toorr\v1\.metals\.reports\metals-full\2025-05-20\r_compiler-error_(v1)_19-53-13-408.md
мая 20, 2025 7:53:13 PM scala.meta.internal.pc.CompilerAccess retryWithCleanCompiler
INFO: compiler crashed due to an error in the Scala compiler, retrying with new compiler instance.
мая 20, 2025 7:53:14 PM scala.meta.internal.pc.CompilerAccess handleError
SEVERE: A severe compiler error occurred, full details of the error can be found in the error report C:\Users\toorr\v1\.metals\.reports\metals-full\2025-05-20\r_compiler-error_(v1)_19-53-14-033.md
мая 20, 2025 7:53:14 PM scala.meta.internal.pc.CompilerAccess retryWithCleanCompiler
INFO: compiler crashed due to an error in the Scala compiler, retrying with new compiler instance.
мая 20, 2025 7:53:14 PM scala.meta.internal.pc.CompilerAccess handleError
SEVERE: A severe compiler error occurred, full details of the error can be found in the error report C:\Users\toorr\v1\.metals\.reports\metals-full\2025-05-20\r_compiler-error_(v1)_19-53-14-373.md
мая 20, 2025 7:53:14 PM scala.meta.internal.pc.CompilerAccess retryWithCleanCompiler
INFO: compiler crashed due to an error in the Scala compiler, retrying with new compiler instance.
мая 20, 2025 7:53:14 PM scala.meta.internal.pc.CompilerAccess handleError
SEVERE: A severe compiler error occurred, full details of the error can be found in the error report C:\Users\toorr\v1\.metals\.reports\metals-full\2025-05-20\r_compiler-error_(v1)_19-53-14-522.md
2025.05.20 19:54:53 INFO  compiling v1 (2 scala sources)
2025.05.20 19:54:54 INFO  time: compiled v1 in 1.59s
2025.05.20 19:55:00 INFO  compiling v1 (3 scala sources)
2025.05.20 19:55:00 INFO  time: compiled v1 in 0.69s
2025.05.20 19:55:08 INFO  compiling v1 (4 scala sources)
2025.05.20 19:55:08 INFO  time: compiled v1 in 0.57s
2025.05.20 19:55:09 WARN  Could not load snapshot text for C:\Users\toorr\v1\src\main\scala\service\DataLoader.scala
2025.05.20 19:55:15 INFO  compiling v1 (5 scala sources)
2025.05.20 19:55:15 INFO  time: compiled v1 in 0.6s
2025.05.20 19:55:16 WARN  Could not load snapshot text for C:\Users\toorr\v1\src\main\scala\service\ExportService.scala
мая 20, 2025 7:55:20 PM scala.meta.internal.pc.CompilerAccess retryWithCleanCompiler
INFO: compiler crashed due to an error in the Scala compiler, retrying with new compiler instance.
мая 20, 2025 7:55:20 PM scala.meta.internal.pc.CompilerAccess handleError
SEVERE: A severe compiler error occurred, full details of the error can be found in the error report C:\Users\toorr\v1\.metals\.reports\metals-full\2025-05-20\r_compiler-error_(v1)_19-55-20-586.md
мая 20, 2025 7:55:20 PM scala.meta.internal.pc.CompilerAccess retryWithCleanCompiler
INFO: compiler crashed due to an error in the Scala compiler, retrying with new compiler instance.
мая 20, 2025 7:55:21 PM scala.meta.internal.pc.CompilerAccess handleError
SEVERE: A severe compiler error occurred, full details of the error can be found in the error report C:\Users\toorr\v1\.metals\.reports\metals-full\2025-05-20\r_compiler-error_(v1)_19-55-21-073.md
мая 20, 2025 7:55:21 PM scala.meta.internal.pc.CompilerAccess retryWithCleanCompiler
INFO: compiler crashed due to an error in the Scala compiler, retrying with new compiler instance.
мая 20, 2025 7:55:21 PM scala.meta.internal.pc.CompilerAccess handleError
SEVERE: A severe compiler error occurred, full details of the error can be found in the error report C:\Users\toorr\v1\.metals\.reports\metals-full\2025-05-20\r_compiler-error_(v1)_19-55-21-375.md
мая 20, 2025 7:55:21 PM scala.meta.internal.pc.CompilerAccess retryWithCleanCompiler
INFO: compiler crashed due to an error in the Scala compiler, retrying with new compiler instance.
мая 20, 2025 7:55:21 PM scala.meta.internal.pc.CompilerAccess handleError
SEVERE: A severe compiler error occurred, full details of the error can be found in the error report C:\Users\toorr\v1\.metals\.reports\metals-full\2025-05-20\r_compiler-error_(v1)_19-55-21-711.md
мая 20, 2025 7:55:21 PM scala.meta.internal.pc.CompilerAccess retryWithCleanCompiler
INFO: compiler crashed due to an error in the Scala compiler, retrying with new compiler instance.
мая 20, 2025 7:55:22 PM scala.meta.internal.pc.CompilerAccess handleError
SEVERE: A severe compiler error occurred, full details of the error can be found in the error report C:\Users\toorr\v1\.metals\.reports\metals-full\2025-05-20\r_compiler-error_(v1)_19-55-22-156.md
мая 20, 2025 7:55:22 PM scala.meta.internal.pc.CompilerAccess retryWithCleanCompiler
INFO: compiler crashed due to an error in the Scala compiler, retrying with new compiler instance.
мая 20, 2025 7:55:22 PM scala.meta.internal.pc.CompilerAccess handleError
SEVERE: A severe compiler error occurred, full details of the error can be found in the error report C:\Users\toorr\v1\.metals\.reports\metals-full\2025-05-20\r_compiler-error_(v1)_19-55-22-371.md
2025.05.20 19:55:22 INFO  compiling v1 (5 scala sources)
мая 20, 2025 7:55:27 PM scala.meta.internal.metals.StdReporter $anonfun$create$1
WARNING: Unexpected error when copying <WORKSPACE>\src\main\resources\topics.csv to <WORKSPACE>\.bloop\v1\blo... (full report at: C:\Users\toorr\v1\.metals\.reports\bloop\2025-05-20\r_Unexpected error whe..._19-55-27-297.md)
мая 20, 2025 7:55:27 PM scala.meta.internal.metals.StdReporter $anonfun$create$1
WARNING: Unexpected error when copying <WORKSPACE>\src\main\resources\professors.csv to <WORKSPACE>\.bloop\v1... (full report at: C:\Users\toorr\v1\.metals\.reports\bloop\2025-05-20\r_Unexpected error whe..._19-55-27-305.md)
мая 20, 2025 7:55:27 PM scala.meta.internal.metals.StdReporter $anonfun$create$1
WARNING: Unexpected error when copying <WORKSPACE>\src\main\resources\conferences.csv to <WORKSPACE>\.bloop\v... (full report at: C:\Users\toorr\v1\.metals\.reports\bloop\2025-05-20\r_Unexpected error whe..._19-55-27-311.md)
мая 20, 2025 7:55:27 PM scala.meta.internal.metals.StdReporter $anonfun$create$1
WARNING: Unexpected error when copying <WORKSPACE>\src\main\resources\articles.csv to <WORKSPACE>\.bloop\v1\b... (full report at: C:\Users\toorr\v1\.metals\.reports\bloop\2025-05-20\r_Unexpected error whe..._19-55-27-319.md)
2025.05.20 19:55:27 INFO  time: compiled v1 in 4.56s
2025.05.20 19:58:15 INFO  compiling v1 (1 scala source)
мая 20, 2025 7:58:18 PM scala.meta.internal.metals.StdReporter $anonfun$create$1
WARNING: Unexpected error when copying <WORKSPACE>\src\main\resources\topics.csv to <WORKSPACE>\.bloop\v1\blo... (full report at: C:\Users\toorr\v1\.metals\.reports\bloop\2025-05-20\r_Unexpected error whe..._19-55-27-297.md)
мая 20, 2025 7:58:18 PM scala.meta.internal.metals.StdReporter $anonfun$create$1
WARNING: Unexpected error when copying <WORKSPACE>\src\main\resources\conferences.csv to <WORKSPACE>\.bloop\v... (full report at: C:\Users\toorr\v1\.metals\.reports\bloop\2025-05-20\r_Unexpected error whe..._19-55-27-311.md)
мая 20, 2025 7:58:18 PM scala.meta.internal.metals.StdReporter $anonfun$create$1
WARNING: Unexpected error when copying <WORKSPACE>\src\main\resources\professors.csv to <WORKSPACE>\.bloop\v1... (full report at: C:\Users\toorr\v1\.metals\.reports\bloop\2025-05-20\r_Unexpected error whe..._19-55-27-305.md)
мая 20, 2025 7:58:18 PM scala.meta.internal.metals.StdReporter $anonfun$create$1
WARNING: Unexpected error when copying <WORKSPACE>\src\main\resources\articles.csv to <WORKSPACE>\.bloop\v1\b... (full report at: C:\Users\toorr\v1\.metals\.reports\bloop\2025-05-20\r_Unexpected error whe..._19-55-27-319.md)
2025.05.20 19:58:18 INFO  time: compiled v1 in 2.79s
2025.05.20 19:59:07 INFO  compiling v1 (1 scala source)
2025.05.20 19:59:07 INFO  time: compiled v1 in 0.18s
2025.05.20 19:59:33 INFO  time: compiled v1 in 21ms
мая 20, 2025 7:59:43 PM scala.meta.internal.metals.StdReporter $anonfun$create$1
WARNING: empty definition using pc, found symbol in pc:  (full report at: C:\Users\toorr\v1\.metals\.reports\metals-full\2025-05-19\r_empty-definition_(v1)_19-18-59-503.md)
2025.05.20 19:59:44 INFO  compiling v1 (1 scala source)
мая 20, 2025 7:59:46 PM scala.meta.internal.metals.StdReporter $anonfun$create$1
WARNING: Unexpected error when copying <WORKSPACE>\src\main\resources\topics.csv to <WORKSPACE>\.bloop\v1\blo... (full report at: C:\Users\toorr\v1\.metals\.reports\bloop\2025-05-20\r_Unexpected error whe..._19-55-27-297.md)
мая 20, 2025 7:59:46 PM scala.meta.internal.metals.StdReporter $anonfun$create$1
WARNING: Unexpected error when copying <WORKSPACE>\src\main\resources\articles.csv to <WORKSPACE>\.bloop\v1\b... (full report at: C:\Users\toorr\v1\.metals\.reports\bloop\2025-05-20\r_Unexpected error whe..._19-55-27-319.md)
мая 20, 2025 7:59:46 PM scala.meta.internal.metals.StdReporter $anonfun$create$1
WARNING: Unexpected error when copying <WORKSPACE>\src\main\resources\professors.csv to <WORKSPACE>\.bloop\v1... (full report at: C:\Users\toorr\v1\.metals\.reports\bloop\2025-05-20\r_Unexpected error whe..._19-55-27-305.md)
мая 20, 2025 7:59:46 PM scala.meta.internal.metals.StdReporter $anonfun$create$1
WARNING: Unexpected error when copying <WORKSPACE>\src\main\resources\conferences.csv to <WORKSPACE>\.bloop\v... (full report at: C:\Users\toorr\v1\.metals\.reports\bloop\2025-05-20\r_Unexpected error whe..._19-55-27-311.md)
2025.05.20 19:59:46 INFO  time: compiled v1 in 2.35s
